ARM GAS  /tmp/ccf3WuMM.s 			page 1


   1              		.cpu cortex-m4
   2              		.eabi_attribute 27, 1
   3              		.eabi_attribute 28, 1
   4              		.eabi_attribute 20, 1
   5              		.eabi_attribute 21, 1
   6              		.eabi_attribute 23, 3
   7              		.eabi_attribute 24, 1
   8              		.eabi_attribute 25, 1
   9              		.eabi_attribute 26, 1
  10              		.eabi_attribute 30, 1
  11              		.eabi_attribute 34, 1
  12              		.eabi_attribute 18, 4
  13              		.file	"led.c"
  14              		.text
  15              	.Ltext0:
  16              		.cfi_sections	.debug_frame
  17              		.section	.text.LED_Init,"ax",%progbits
  18              		.align	1
  19              		.global	LED_Init
  20              		.arch armv7e-m
  21              		.syntax unified
  22              		.thumb
  23              		.thumb_func
  24              		.fpu fpv4-sp-d16
  26              	LED_Init:
  27              	.LFB132:
  28              		.file 1 "HARDWARE/LED/led.c"
   1:HARDWARE/LED/led.c **** #include "led.h"
   2:HARDWARE/LED/led.c **** //////////////////////////////////////////////////////////////////////////////////	 
   3:HARDWARE/LED/led.c **** //本程序只供学习使用，未经作者许可，不得用于其它任何用途
   4:HARDWARE/LED/led.c **** //ALIENTEK STM32F407开发板
   5:HARDWARE/LED/led.c **** //LED驱动代码	   
   6:HARDWARE/LED/led.c **** //正点原子@ALIENTEK
   7:HARDWARE/LED/led.c **** //技术论坛:www.openedv.com
   8:HARDWARE/LED/led.c **** //创建日期:2017/4/6
   9:HARDWARE/LED/led.c **** //版本：V1.0
  10:HARDWARE/LED/led.c **** //版权所有，盗版必究。
  11:HARDWARE/LED/led.c **** //Copyright(C) 广州市星翼电子科技有限公司 2014-2024
  12:HARDWARE/LED/led.c **** //All rights reserved									  
  13:HARDWARE/LED/led.c **** ////////////////////////////////////////////////////////////////////////////////// 	
  14:HARDWARE/LED/led.c **** 
  15:HARDWARE/LED/led.c **** //初始化PB1为输出.并使能时钟	    
  16:HARDWARE/LED/led.c **** //LED IO初始化
  17:HARDWARE/LED/led.c **** void LED_Init(void)
  18:HARDWARE/LED/led.c **** {
  29              		.loc 1 18 1 view -0
  30              		.cfi_startproc
  31              		@ args = 0, pretend = 0, frame = 24
  32              		@ frame_needed = 0, uses_anonymous_args = 0
  33 0000 30B5     		push	{r4, r5, lr}
  34              	.LCFI0:
  35              		.cfi_def_cfa_offset 12
  36              		.cfi_offset 4, -12
  37              		.cfi_offset 5, -8
  38              		.cfi_offset 14, -4
  39 0002 87B0     		sub	sp, sp, #28
  40              	.LCFI1:
ARM GAS  /tmp/ccf3WuMM.s 			page 2


  41              		.cfi_def_cfa_offset 40
  19:HARDWARE/LED/led.c ****     GPIO_InitTypeDef GPIO_Initure;
  42              		.loc 1 19 5 view .LVU1
  20:HARDWARE/LED/led.c ****     __HAL_RCC_GPIOF_CLK_ENABLE();           //开启GPIOF时钟
  43              		.loc 1 20 5 view .LVU2
  44              	.LBB2:
  45              		.loc 1 20 5 view .LVU3
  46 0004 0023     		movs	r3, #0
  47 0006 0093     		str	r3, [sp]
  48              		.loc 1 20 5 view .LVU4
  49 0008 124B     		ldr	r3, .L3
  50 000a 1A6B     		ldr	r2, [r3, #48]
  51 000c 42F02002 		orr	r2, r2, #32
  52 0010 1A63     		str	r2, [r3, #48]
  53              		.loc 1 20 5 view .LVU5
  54 0012 1B6B     		ldr	r3, [r3, #48]
  55 0014 03F02003 		and	r3, r3, #32
  56 0018 0093     		str	r3, [sp]
  57              		.loc 1 20 5 view .LVU6
  58 001a 009B     		ldr	r3, [sp]
  59              	.LBE2:
  60              		.loc 1 20 5 view .LVU7
  21:HARDWARE/LED/led.c **** 	
  22:HARDWARE/LED/led.c ****     GPIO_Initure.Pin=GPIO_PIN_9|GPIO_PIN_10; //PF9,10
  61              		.loc 1 22 5 view .LVU8
  62              		.loc 1 22 21 is_stmt 0 view .LVU9
  63 001c 4FF4C063 		mov	r3, #1536
  64 0020 0193     		str	r3, [sp, #4]
  23:HARDWARE/LED/led.c ****     GPIO_Initure.Mode=GPIO_MODE_OUTPUT_PP;  //推挽输出
  65              		.loc 1 23 5 is_stmt 1 view .LVU10
  66              		.loc 1 23 22 is_stmt 0 view .LVU11
  67 0022 0124     		movs	r4, #1
  68 0024 0294     		str	r4, [sp, #8]
  24:HARDWARE/LED/led.c ****     GPIO_Initure.Pull=GPIO_PULLUP;          //上拉
  69              		.loc 1 24 5 is_stmt 1 view .LVU12
  70              		.loc 1 24 22 is_stmt 0 view .LVU13
  71 0026 0394     		str	r4, [sp, #12]
  25:HARDWARE/LED/led.c ****     GPIO_Initure.Speed=GPIO_SPEED_HIGH;     //高速
  72              		.loc 1 25 5 is_stmt 1 view .LVU14
  73              		.loc 1 25 23 is_stmt 0 view .LVU15
  74 0028 0323     		movs	r3, #3
  75 002a 0493     		str	r3, [sp, #16]
  26:HARDWARE/LED/led.c ****     HAL_GPIO_Init(GPIOF,&GPIO_Initure);
  76              		.loc 1 26 5 is_stmt 1 view .LVU16
  77 002c 0A4D     		ldr	r5, .L3+4
  78 002e 01A9     		add	r1, sp, #4
  79 0030 2846     		mov	r0, r5
  80 0032 FFF7FEFF 		bl	HAL_GPIO_Init
  81              	.LVL0:
  27:HARDWARE/LED/led.c **** 	
  28:HARDWARE/LED/led.c ****     HAL_GPIO_WritePin(GPIOF,GPIO_PIN_9,GPIO_PIN_SET);	//PF9置1，默认初始化后灯灭
  82              		.loc 1 28 5 view .LVU17
  83 0036 2246     		mov	r2, r4
  84 0038 4FF40071 		mov	r1, #512
  85 003c 2846     		mov	r0, r5
  86 003e FFF7FEFF 		bl	HAL_GPIO_WritePin
  87              	.LVL1:
ARM GAS  /tmp/ccf3WuMM.s 			page 3


  29:HARDWARE/LED/led.c ****     HAL_GPIO_WritePin(GPIOF,GPIO_PIN_10,GPIO_PIN_SET);	//PF10置1，默认初始化后灯灭
  88              		.loc 1 29 5 view .LVU18
  89 0042 2246     		mov	r2, r4
  90 0044 4FF48061 		mov	r1, #1024
  91 0048 2846     		mov	r0, r5
  92 004a FFF7FEFF 		bl	HAL_GPIO_WritePin
  93              	.LVL2:
  30:HARDWARE/LED/led.c **** }
  94              		.loc 1 30 1 is_stmt 0 view .LVU19
  95 004e 07B0     		add	sp, sp, #28
  96              	.LCFI2:
  97              		.cfi_def_cfa_offset 12
  98              		@ sp needed
  99 0050 30BD     		pop	{r4, r5, pc}
 100              	.L4:
 101 0052 00BF     		.align	2
 102              	.L3:
 103 0054 00380240 		.word	1073887232
 104 0058 00140240 		.word	1073878016
 105              		.cfi_endproc
 106              	.LFE132:
 108              		.text
 109              	.Letext0:
 110              		.file 2 "/opt/gcc_arm/gcc-arm-none-eabi-9-2019-q4-major/arm-none-eabi/include/machine/_default_typ
 111              		.file 3 "/opt/gcc_arm/gcc-arm-none-eabi-9-2019-q4-major/arm-none-eabi/include/sys/_stdint.h"
 112              		.file 4 "CORE/core_cm4.h"
 113              		.file 5 "USER/system_stm32f4xx.h"
 114              		.file 6 "USER/stm32f407xx.h"
 115              		.file 7 "HALLIB/STM32F4xx_HAL_Driver/Inc/stm32f4xx_hal_gpio.h"
ARM GAS  /tmp/ccf3WuMM.s 			page 4


DEFINED SYMBOLS
                            *ABS*:0000000000000000 led.c
     /tmp/ccf3WuMM.s:18     .text.LED_Init:0000000000000000 $t
     /tmp/ccf3WuMM.s:26     .text.LED_Init:0000000000000000 LED_Init
     /tmp/ccf3WuMM.s:103    .text.LED_Init:0000000000000054 $d

UNDEFINED SYMBOLS
HAL_GPIO_Init
HAL_GPIO_WritePin
