ARM GAS  /tmp/ccxXvffp.s 			page 1


   1              		.cpu cortex-m4
   2              		.eabi_attribute 27, 1
   3              		.eabi_attribute 28, 1
   4              		.eabi_attribute 20, 1
   5              		.eabi_attribute 21, 1
   6              		.eabi_attribute 23, 3
   7              		.eabi_attribute 24, 1
   8              		.eabi_attribute 25, 1
   9              		.eabi_attribute 26, 1
  10              		.eabi_attribute 30, 1
  11              		.eabi_attribute 34, 1
  12              		.eabi_attribute 18, 4
  13              		.file	"stm32f4xx_hal_fmpsmbus.c"
  14              		.text
  15              	.Ltext0:
  16              		.cfi_sections	.debug_frame
  17              	.Letext0:
  18              		.file 1 "/opt/gcc_arm/gcc-arm-none-eabi-9-2019-q4-major/arm-none-eabi/include/machine/_default_typ
  19              		.file 2 "/opt/gcc_arm/gcc-arm-none-eabi-9-2019-q4-major/arm-none-eabi/include/sys/_stdint.h"
  20              		.file 3 "CMSIS_5/CMSIS/Core/Include/core_cm4.h"
  21              		.file 4 "cmsis-device-f4/Include/system_stm32f4xx.h"
  22              		.file 5 "stm32f4xx-hal-driver/Inc/stm32f4xx_hal.h"
ARM GAS  /tmp/ccxXvffp.s 			page 2


DEFINED SYMBOLS
                            *ABS*:0000000000000000 stm32f4xx_hal_fmpsmbus.c

NO UNDEFINED SYMBOLS
