ARM GAS  /tmp/ccedJClj.s 			page 1


   1              		.cpu cortex-m4
   2              		.eabi_attribute 27, 1
   3              		.eabi_attribute 28, 1
   4              		.eabi_attribute 20, 1
   5              		.eabi_attribute 21, 1
   6              		.eabi_attribute 23, 3
   7              		.eabi_attribute 24, 1
   8              		.eabi_attribute 25, 1
   9              		.eabi_attribute 26, 1
  10              		.eabi_attribute 30, 1
  11              		.eabi_attribute 34, 1
  12              		.eabi_attribute 18, 4
  13              		.file	"stm32f4xx_hal_timebase_tim_template.c"
  14              		.text
  15              	.Ltext0:
  16              		.cfi_sections	.debug_frame
  17              		.section	.text.HAL_InitTick,"ax",%progbits
  18              		.align	1
  19              		.global	HAL_InitTick
  20              		.arch armv7e-m
  21              		.syntax unified
  22              		.thumb
  23              		.thumb_func
  24              		.fpu fpv4-sp-d16
  26              	HAL_InitTick:
  27              	.LVL0:
  28              	.LFB239:
  29              		.file 1 "stm32f4xx-hal-driver/Src/stm32f4xx_hal_timebase_tim_template.c"
   1:stm32f4xx-hal-driver/Src/stm32f4xx_hal_timebase_tim_template.c **** /**
   2:stm32f4xx-hal-driver/Src/stm32f4xx_hal_timebase_tim_template.c ****   ******************************************************************************
   3:stm32f4xx-hal-driver/Src/stm32f4xx_hal_timebase_tim_template.c ****   * @file    stm32f4xx_hal_timebase_tim_template.c 
   4:stm32f4xx-hal-driver/Src/stm32f4xx_hal_timebase_tim_template.c ****   * @author  MCD Application Team
   5:stm32f4xx-hal-driver/Src/stm32f4xx_hal_timebase_tim_template.c ****   * @brief   HAL time base based on the hardware TIM Template.
   6:stm32f4xx-hal-driver/Src/stm32f4xx_hal_timebase_tim_template.c ****   *    
   7:stm32f4xx-hal-driver/Src/stm32f4xx_hal_timebase_tim_template.c ****   *          This file overrides the native HAL time base functions (defined as weak)
   8:stm32f4xx-hal-driver/Src/stm32f4xx_hal_timebase_tim_template.c ****   *          the TIM time base:
   9:stm32f4xx-hal-driver/Src/stm32f4xx_hal_timebase_tim_template.c ****   *           + Initializes the TIM peripheral generate a Period elapsed Event each 1ms
  10:stm32f4xx-hal-driver/Src/stm32f4xx_hal_timebase_tim_template.c ****   *           + HAL_IncTick is called inside HAL_TIM_PeriodElapsedCallback ie each 1ms
  11:stm32f4xx-hal-driver/Src/stm32f4xx_hal_timebase_tim_template.c ****   * 
  12:stm32f4xx-hal-driver/Src/stm32f4xx_hal_timebase_tim_template.c ****   ******************************************************************************
  13:stm32f4xx-hal-driver/Src/stm32f4xx_hal_timebase_tim_template.c ****   * @attention
  14:stm32f4xx-hal-driver/Src/stm32f4xx_hal_timebase_tim_template.c ****   *
  15:stm32f4xx-hal-driver/Src/stm32f4xx_hal_timebase_tim_template.c ****   * Copyright (c) 2017 STMicroelectronics.
  16:stm32f4xx-hal-driver/Src/stm32f4xx_hal_timebase_tim_template.c ****   * All rights reserved.
  17:stm32f4xx-hal-driver/Src/stm32f4xx_hal_timebase_tim_template.c ****   *
  18:stm32f4xx-hal-driver/Src/stm32f4xx_hal_timebase_tim_template.c ****   * This software is licensed under terms that can be found in the LICENSE file
  19:stm32f4xx-hal-driver/Src/stm32f4xx_hal_timebase_tim_template.c ****   * in the root directory of this software component.
  20:stm32f4xx-hal-driver/Src/stm32f4xx_hal_timebase_tim_template.c ****   * If no LICENSE file comes with this software, it is provided AS-IS.
  21:stm32f4xx-hal-driver/Src/stm32f4xx_hal_timebase_tim_template.c ****   *
  22:stm32f4xx-hal-driver/Src/stm32f4xx_hal_timebase_tim_template.c ****   ******************************************************************************
  23:stm32f4xx-hal-driver/Src/stm32f4xx_hal_timebase_tim_template.c ****   */
  24:stm32f4xx-hal-driver/Src/stm32f4xx_hal_timebase_tim_template.c **** 
  25:stm32f4xx-hal-driver/Src/stm32f4xx_hal_timebase_tim_template.c **** /* Includes ------------------------------------------------------------------*/
  26:stm32f4xx-hal-driver/Src/stm32f4xx_hal_timebase_tim_template.c **** #include "stm32f4xx_hal.h"
  27:stm32f4xx-hal-driver/Src/stm32f4xx_hal_timebase_tim_template.c **** 
  28:stm32f4xx-hal-driver/Src/stm32f4xx_hal_timebase_tim_template.c **** /** @addtogroup STM32F4xx_HAL_Driver
  29:stm32f4xx-hal-driver/Src/stm32f4xx_hal_timebase_tim_template.c ****   * @{
ARM GAS  /tmp/ccedJClj.s 			page 2


  30:stm32f4xx-hal-driver/Src/stm32f4xx_hal_timebase_tim_template.c ****   */
  31:stm32f4xx-hal-driver/Src/stm32f4xx_hal_timebase_tim_template.c **** 
  32:stm32f4xx-hal-driver/Src/stm32f4xx_hal_timebase_tim_template.c **** /** @addtogroup HAL_TimeBase_TIM
  33:stm32f4xx-hal-driver/Src/stm32f4xx_hal_timebase_tim_template.c ****   * @{
  34:stm32f4xx-hal-driver/Src/stm32f4xx_hal_timebase_tim_template.c ****   */ 
  35:stm32f4xx-hal-driver/Src/stm32f4xx_hal_timebase_tim_template.c **** 
  36:stm32f4xx-hal-driver/Src/stm32f4xx_hal_timebase_tim_template.c **** /* Private typedef -----------------------------------------------------------*/
  37:stm32f4xx-hal-driver/Src/stm32f4xx_hal_timebase_tim_template.c **** /* Private define ------------------------------------------------------------*/
  38:stm32f4xx-hal-driver/Src/stm32f4xx_hal_timebase_tim_template.c **** /* Private macro -------------------------------------------------------------*/
  39:stm32f4xx-hal-driver/Src/stm32f4xx_hal_timebase_tim_template.c **** /* Private variables ---------------------------------------------------------*/
  40:stm32f4xx-hal-driver/Src/stm32f4xx_hal_timebase_tim_template.c **** TIM_HandleTypeDef        TimHandle;
  41:stm32f4xx-hal-driver/Src/stm32f4xx_hal_timebase_tim_template.c **** /* Private function prototypes -----------------------------------------------*/
  42:stm32f4xx-hal-driver/Src/stm32f4xx_hal_timebase_tim_template.c **** void TIM6_DAC_IRQHandler(void);
  43:stm32f4xx-hal-driver/Src/stm32f4xx_hal_timebase_tim_template.c **** /* Private functions ---------------------------------------------------------*/
  44:stm32f4xx-hal-driver/Src/stm32f4xx_hal_timebase_tim_template.c **** 
  45:stm32f4xx-hal-driver/Src/stm32f4xx_hal_timebase_tim_template.c **** /**
  46:stm32f4xx-hal-driver/Src/stm32f4xx_hal_timebase_tim_template.c ****   * @brief  This function configures the TIM6 as a time base source. 
  47:stm32f4xx-hal-driver/Src/stm32f4xx_hal_timebase_tim_template.c ****   *         The time source is configured to have 1ms time base with a dedicated 
  48:stm32f4xx-hal-driver/Src/stm32f4xx_hal_timebase_tim_template.c ****   *         Tick interrupt priority. 
  49:stm32f4xx-hal-driver/Src/stm32f4xx_hal_timebase_tim_template.c ****   * @note   This function is called  automatically at the beginning of program after
  50:stm32f4xx-hal-driver/Src/stm32f4xx_hal_timebase_tim_template.c ****   *         reset by HAL_Init() or at any time when clock is configured, by HAL_RCC_ClockConfig(). 
  51:stm32f4xx-hal-driver/Src/stm32f4xx_hal_timebase_tim_template.c ****   * @param  TickPriority Tick interrupt priority.
  52:stm32f4xx-hal-driver/Src/stm32f4xx_hal_timebase_tim_template.c ****   * @retval HAL status
  53:stm32f4xx-hal-driver/Src/stm32f4xx_hal_timebase_tim_template.c ****   */
  54:stm32f4xx-hal-driver/Src/stm32f4xx_hal_timebase_tim_template.c **** HAL_StatusTypeDef HAL_InitTick (uint32_t TickPriority)
  55:stm32f4xx-hal-driver/Src/stm32f4xx_hal_timebase_tim_template.c **** {
  30              		.loc 1 55 1 view -0
  31              		.cfi_startproc
  32              		@ args = 0, pretend = 0, frame = 32
  33              		@ frame_needed = 0, uses_anonymous_args = 0
  34              		.loc 1 55 1 is_stmt 0 view .LVU1
  35 0000 30B5     		push	{r4, r5, lr}
  36              	.LCFI0:
  37              		.cfi_def_cfa_offset 12
  38              		.cfi_offset 4, -12
  39              		.cfi_offset 5, -8
  40              		.cfi_offset 14, -4
  41 0002 89B0     		sub	sp, sp, #36
  42              	.LCFI1:
  43              		.cfi_def_cfa_offset 48
  44 0004 0446     		mov	r4, r0
  56:stm32f4xx-hal-driver/Src/stm32f4xx_hal_timebase_tim_template.c ****   RCC_ClkInitTypeDef    clkconfig;
  45              		.loc 1 56 3 is_stmt 1 view .LVU2
  57:stm32f4xx-hal-driver/Src/stm32f4xx_hal_timebase_tim_template.c ****   uint32_t              uwTimclock, uwAPB1Prescaler = 0U;
  46              		.loc 1 57 3 view .LVU3
  47              	.LVL1:
  58:stm32f4xx-hal-driver/Src/stm32f4xx_hal_timebase_tim_template.c ****   uint32_t              uwPrescalerValue = 0U;
  48              		.loc 1 58 3 view .LVU4
  59:stm32f4xx-hal-driver/Src/stm32f4xx_hal_timebase_tim_template.c ****   uint32_t              pFLatency;
  49              		.loc 1 59 3 view .LVU5
  60:stm32f4xx-hal-driver/Src/stm32f4xx_hal_timebase_tim_template.c ****   HAL_StatusTypeDef     status;
  50              		.loc 1 60 3 view .LVU6
  61:stm32f4xx-hal-driver/Src/stm32f4xx_hal_timebase_tim_template.c **** 
  62:stm32f4xx-hal-driver/Src/stm32f4xx_hal_timebase_tim_template.c ****   /* Enable TIM6 clock */
  63:stm32f4xx-hal-driver/Src/stm32f4xx_hal_timebase_tim_template.c ****   __HAL_RCC_TIM6_CLK_ENABLE();
  51              		.loc 1 63 3 view .LVU7
  52              	.LBB2:
ARM GAS  /tmp/ccedJClj.s 			page 3


  53              		.loc 1 63 3 view .LVU8
  54 0006 0023     		movs	r3, #0
  55 0008 0193     		str	r3, [sp, #4]
  56              		.loc 1 63 3 view .LVU9
  57 000a 214B     		ldr	r3, .L9
  58 000c 1A6C     		ldr	r2, [r3, #64]
  59 000e 42F01002 		orr	r2, r2, #16
  60 0012 1A64     		str	r2, [r3, #64]
  61              		.loc 1 63 3 view .LVU10
  62 0014 1B6C     		ldr	r3, [r3, #64]
  63 0016 03F01003 		and	r3, r3, #16
  64 001a 0193     		str	r3, [sp, #4]
  65              		.loc 1 63 3 view .LVU11
  66 001c 019B     		ldr	r3, [sp, #4]
  67              	.LBE2:
  68              		.loc 1 63 3 view .LVU12
  64:stm32f4xx-hal-driver/Src/stm32f4xx_hal_timebase_tim_template.c **** 
  65:stm32f4xx-hal-driver/Src/stm32f4xx_hal_timebase_tim_template.c ****   /* Get clock configuration */
  66:stm32f4xx-hal-driver/Src/stm32f4xx_hal_timebase_tim_template.c ****   HAL_RCC_GetClockConfig(&clkconfig, &pFLatency);
  69              		.loc 1 66 3 view .LVU13
  70 001e 02A9     		add	r1, sp, #8
  71 0020 03A8     		add	r0, sp, #12
  72              	.LVL2:
  73              		.loc 1 66 3 is_stmt 0 view .LVU14
  74 0022 FFF7FEFF 		bl	HAL_RCC_GetClockConfig
  75              	.LVL3:
  67:stm32f4xx-hal-driver/Src/stm32f4xx_hal_timebase_tim_template.c **** 
  68:stm32f4xx-hal-driver/Src/stm32f4xx_hal_timebase_tim_template.c ****   /* Get APB1 prescaler */
  69:stm32f4xx-hal-driver/Src/stm32f4xx_hal_timebase_tim_template.c ****   uwAPB1Prescaler = clkconfig.APB1CLKDivider;
  76              		.loc 1 69 3 is_stmt 1 view .LVU15
  77              		.loc 1 69 19 is_stmt 0 view .LVU16
  78 0026 069B     		ldr	r3, [sp, #24]
  79              	.LVL4:
  70:stm32f4xx-hal-driver/Src/stm32f4xx_hal_timebase_tim_template.c **** 
  71:stm32f4xx-hal-driver/Src/stm32f4xx_hal_timebase_tim_template.c ****   /* Compute TIM6 clock */
  72:stm32f4xx-hal-driver/Src/stm32f4xx_hal_timebase_tim_template.c ****   if (uwAPB1Prescaler == RCC_HCLK_DIV1)
  80              		.loc 1 72 3 is_stmt 1 view .LVU17
  81              		.loc 1 72 6 is_stmt 0 view .LVU18
  82 0028 CBB9     		cbnz	r3, .L2
  73:stm32f4xx-hal-driver/Src/stm32f4xx_hal_timebase_tim_template.c ****   {
  74:stm32f4xx-hal-driver/Src/stm32f4xx_hal_timebase_tim_template.c ****     uwTimclock = HAL_RCC_GetPCLK1Freq();
  83              		.loc 1 74 5 is_stmt 1 view .LVU19
  84              		.loc 1 74 18 is_stmt 0 view .LVU20
  85 002a FFF7FEFF 		bl	HAL_RCC_GetPCLK1Freq
  86              	.LVL5:
  87              		.loc 1 74 18 view .LVU21
  88 002e 0346     		mov	r3, r0
  89              	.LVL6:
  90              	.L3:
  75:stm32f4xx-hal-driver/Src/stm32f4xx_hal_timebase_tim_template.c ****   }
  76:stm32f4xx-hal-driver/Src/stm32f4xx_hal_timebase_tim_template.c ****   else
  77:stm32f4xx-hal-driver/Src/stm32f4xx_hal_timebase_tim_template.c ****   {
  78:stm32f4xx-hal-driver/Src/stm32f4xx_hal_timebase_tim_template.c ****     uwTimclock = 2 * HAL_RCC_GetPCLK1Freq();
  79:stm32f4xx-hal-driver/Src/stm32f4xx_hal_timebase_tim_template.c ****   }
  80:stm32f4xx-hal-driver/Src/stm32f4xx_hal_timebase_tim_template.c **** 
  81:stm32f4xx-hal-driver/Src/stm32f4xx_hal_timebase_tim_template.c ****   /* Compute the prescaler value to have TIM6 counter clock equal to 1MHz */
  82:stm32f4xx-hal-driver/Src/stm32f4xx_hal_timebase_tim_template.c ****   uwPrescalerValue = (uint32_t) ((uwTimclock / 1000000U) - 1U);
ARM GAS  /tmp/ccedJClj.s 			page 4


  91              		.loc 1 82 3 is_stmt 1 view .LVU22
  92              		.loc 1 82 46 is_stmt 0 view .LVU23
  93 0030 1848     		ldr	r0, .L9+4
  94 0032 A0FB0323 		umull	r2, r3, r0, r3
  95              	.LVL7:
  96              		.loc 1 82 46 view .LVU24
  97 0036 9B0C     		lsrs	r3, r3, #18
  98              		.loc 1 82 20 view .LVU25
  99 0038 013B     		subs	r3, r3, #1
 100              	.LVL8:
  83:stm32f4xx-hal-driver/Src/stm32f4xx_hal_timebase_tim_template.c **** 
  84:stm32f4xx-hal-driver/Src/stm32f4xx_hal_timebase_tim_template.c ****   /* Initialize TIM6 */
  85:stm32f4xx-hal-driver/Src/stm32f4xx_hal_timebase_tim_template.c ****   TimHandle.Instance = TIM6;
 101              		.loc 1 85 3 is_stmt 1 view .LVU26
 102              		.loc 1 85 22 is_stmt 0 view .LVU27
 103 003a 1748     		ldr	r0, .L9+8
 104 003c 174A     		ldr	r2, .L9+12
 105 003e 0260     		str	r2, [r0]
  86:stm32f4xx-hal-driver/Src/stm32f4xx_hal_timebase_tim_template.c **** 
  87:stm32f4xx-hal-driver/Src/stm32f4xx_hal_timebase_tim_template.c ****   /* Initialize TIMx peripheral as follow:
  88:stm32f4xx-hal-driver/Src/stm32f4xx_hal_timebase_tim_template.c ****   + Period = [(TIM6CLK/1000) - 1]. to have a (1/1000) s time base.
  89:stm32f4xx-hal-driver/Src/stm32f4xx_hal_timebase_tim_template.c ****   + Prescaler = (uwTimclock/1000000 - 1) to have a 1MHz counter clock.
  90:stm32f4xx-hal-driver/Src/stm32f4xx_hal_timebase_tim_template.c ****   + ClockDivision = 0
  91:stm32f4xx-hal-driver/Src/stm32f4xx_hal_timebase_tim_template.c ****   + Counter direction = Up
  92:stm32f4xx-hal-driver/Src/stm32f4xx_hal_timebase_tim_template.c ****   */
  93:stm32f4xx-hal-driver/Src/stm32f4xx_hal_timebase_tim_template.c ****   TimHandle.Init.Period = (1000000U / 1000U) - 1U;
 106              		.loc 1 93 3 is_stmt 1 view .LVU28
 107              		.loc 1 93 25 is_stmt 0 view .LVU29
 108 0040 40F2E732 		movw	r2, #999
 109 0044 C260     		str	r2, [r0, #12]
  94:stm32f4xx-hal-driver/Src/stm32f4xx_hal_timebase_tim_template.c ****   TimHandle.Init.Prescaler = uwPrescalerValue;
 110              		.loc 1 94 3 is_stmt 1 view .LVU30
 111              		.loc 1 94 28 is_stmt 0 view .LVU31
 112 0046 4360     		str	r3, [r0, #4]
  95:stm32f4xx-hal-driver/Src/stm32f4xx_hal_timebase_tim_template.c ****   TimHandle.Init.ClockDivision = 0U;
 113              		.loc 1 95 3 is_stmt 1 view .LVU32
 114              		.loc 1 95 32 is_stmt 0 view .LVU33
 115 0048 0023     		movs	r3, #0
 116              	.LVL9:
 117              		.loc 1 95 32 view .LVU34
 118 004a 0361     		str	r3, [r0, #16]
  96:stm32f4xx-hal-driver/Src/stm32f4xx_hal_timebase_tim_template.c ****   TimHandle.Init.CounterMode = TIM_COUNTERMODE_UP;
 119              		.loc 1 96 3 is_stmt 1 view .LVU35
 120              		.loc 1 96 30 is_stmt 0 view .LVU36
 121 004c 8360     		str	r3, [r0, #8]
  97:stm32f4xx-hal-driver/Src/stm32f4xx_hal_timebase_tim_template.c ****   TimHandle.Init.AutoReloadPreload = TIM_AUTORELOAD_PRELOAD_DISABLE;
 122              		.loc 1 97 3 is_stmt 1 view .LVU37
 123              		.loc 1 97 36 is_stmt 0 view .LVU38
 124 004e 8361     		str	r3, [r0, #24]
  98:stm32f4xx-hal-driver/Src/stm32f4xx_hal_timebase_tim_template.c ****   status = HAL_TIM_Base_Init(&TimHandle);
 125              		.loc 1 98 3 is_stmt 1 view .LVU39
 126              		.loc 1 98 12 is_stmt 0 view .LVU40
 127 0050 FFF7FEFF 		bl	HAL_TIM_Base_Init
 128              	.LVL10:
  99:stm32f4xx-hal-driver/Src/stm32f4xx_hal_timebase_tim_template.c ****   if (status == HAL_OK)
 129              		.loc 1 99 3 is_stmt 1 view .LVU41
 130              		.loc 1 99 6 is_stmt 0 view .LVU42
ARM GAS  /tmp/ccedJClj.s 			page 5


 131 0054 0546     		mov	r5, r0
 132 0056 30B1     		cbz	r0, .L7
 133              	.LVL11:
 134              	.L4:
 100:stm32f4xx-hal-driver/Src/stm32f4xx_hal_timebase_tim_template.c ****   {
 101:stm32f4xx-hal-driver/Src/stm32f4xx_hal_timebase_tim_template.c ****     /* Start the TIM time Base generation in interrupt mode */
 102:stm32f4xx-hal-driver/Src/stm32f4xx_hal_timebase_tim_template.c ****     status = HAL_TIM_Base_Start_IT(&TimHandle);
 103:stm32f4xx-hal-driver/Src/stm32f4xx_hal_timebase_tim_template.c ****     if (status == HAL_OK)
 104:stm32f4xx-hal-driver/Src/stm32f4xx_hal_timebase_tim_template.c ****     {
 105:stm32f4xx-hal-driver/Src/stm32f4xx_hal_timebase_tim_template.c ****       /* Enable the TIM6 global Interrupt */
 106:stm32f4xx-hal-driver/Src/stm32f4xx_hal_timebase_tim_template.c ****       HAL_NVIC_EnableIRQ(TIM6_DAC_IRQn);
 107:stm32f4xx-hal-driver/Src/stm32f4xx_hal_timebase_tim_template.c **** 
 108:stm32f4xx-hal-driver/Src/stm32f4xx_hal_timebase_tim_template.c ****       if (TickPriority < (1UL << __NVIC_PRIO_BITS))
 109:stm32f4xx-hal-driver/Src/stm32f4xx_hal_timebase_tim_template.c ****       {
 110:stm32f4xx-hal-driver/Src/stm32f4xx_hal_timebase_tim_template.c ****         /* Enable the TIM6 global Interrupt */
 111:stm32f4xx-hal-driver/Src/stm32f4xx_hal_timebase_tim_template.c ****         HAL_NVIC_SetPriority(TIM6_DAC_IRQn, TickPriority, 0);
 112:stm32f4xx-hal-driver/Src/stm32f4xx_hal_timebase_tim_template.c ****         uwTickPrio = TickPriority;
 113:stm32f4xx-hal-driver/Src/stm32f4xx_hal_timebase_tim_template.c ****       }
 114:stm32f4xx-hal-driver/Src/stm32f4xx_hal_timebase_tim_template.c ****       else
 115:stm32f4xx-hal-driver/Src/stm32f4xx_hal_timebase_tim_template.c ****       {
 116:stm32f4xx-hal-driver/Src/stm32f4xx_hal_timebase_tim_template.c ****         status = HAL_ERROR;
 117:stm32f4xx-hal-driver/Src/stm32f4xx_hal_timebase_tim_template.c ****       }
 118:stm32f4xx-hal-driver/Src/stm32f4xx_hal_timebase_tim_template.c ****     }
 119:stm32f4xx-hal-driver/Src/stm32f4xx_hal_timebase_tim_template.c ****   }
 120:stm32f4xx-hal-driver/Src/stm32f4xx_hal_timebase_tim_template.c **** 
 121:stm32f4xx-hal-driver/Src/stm32f4xx_hal_timebase_tim_template.c ****   /* Return function status */
 122:stm32f4xx-hal-driver/Src/stm32f4xx_hal_timebase_tim_template.c ****   return status;
 135              		.loc 1 122 3 is_stmt 1 view .LVU43
 123:stm32f4xx-hal-driver/Src/stm32f4xx_hal_timebase_tim_template.c **** }
 136              		.loc 1 123 1 is_stmt 0 view .LVU44
 137 0058 2846     		mov	r0, r5
 138 005a 09B0     		add	sp, sp, #36
 139              	.LCFI2:
 140              		.cfi_remember_state
 141              		.cfi_def_cfa_offset 12
 142              		@ sp needed
 143 005c 30BD     		pop	{r4, r5, pc}
 144              	.LVL12:
 145              	.L2:
 146              	.LCFI3:
 147              		.cfi_restore_state
  78:stm32f4xx-hal-driver/Src/stm32f4xx_hal_timebase_tim_template.c ****   }
 148              		.loc 1 78 5 is_stmt 1 view .LVU45
  78:stm32f4xx-hal-driver/Src/stm32f4xx_hal_timebase_tim_template.c ****   }
 149              		.loc 1 78 22 is_stmt 0 view .LVU46
 150 005e FFF7FEFF 		bl	HAL_RCC_GetPCLK1Freq
 151              	.LVL13:
  78:stm32f4xx-hal-driver/Src/stm32f4xx_hal_timebase_tim_template.c ****   }
 152              		.loc 1 78 16 view .LVU47
 153 0062 4300     		lsls	r3, r0, #1
 154              	.LVL14:
  78:stm32f4xx-hal-driver/Src/stm32f4xx_hal_timebase_tim_template.c ****   }
 155              		.loc 1 78 16 view .LVU48
 156 0064 E4E7     		b	.L3
 157              	.LVL15:
 158              	.L7:
 102:stm32f4xx-hal-driver/Src/stm32f4xx_hal_timebase_tim_template.c ****     if (status == HAL_OK)
ARM GAS  /tmp/ccedJClj.s 			page 6


 159              		.loc 1 102 5 is_stmt 1 view .LVU49
 102:stm32f4xx-hal-driver/Src/stm32f4xx_hal_timebase_tim_template.c ****     if (status == HAL_OK)
 160              		.loc 1 102 14 is_stmt 0 view .LVU50
 161 0066 0C48     		ldr	r0, .L9+8
 162              	.LVL16:
 102:stm32f4xx-hal-driver/Src/stm32f4xx_hal_timebase_tim_template.c ****     if (status == HAL_OK)
 163              		.loc 1 102 14 view .LVU51
 164 0068 FFF7FEFF 		bl	HAL_TIM_Base_Start_IT
 165              	.LVL17:
 103:stm32f4xx-hal-driver/Src/stm32f4xx_hal_timebase_tim_template.c ****     {
 166              		.loc 1 103 5 is_stmt 1 view .LVU52
 103:stm32f4xx-hal-driver/Src/stm32f4xx_hal_timebase_tim_template.c ****     {
 167              		.loc 1 103 8 is_stmt 0 view .LVU53
 168 006c 0546     		mov	r5, r0
 169 006e 0028     		cmp	r0, #0
 170 0070 F2D1     		bne	.L4
 106:stm32f4xx-hal-driver/Src/stm32f4xx_hal_timebase_tim_template.c **** 
 171              		.loc 1 106 7 is_stmt 1 view .LVU54
 172 0072 3620     		movs	r0, #54
 173              	.LVL18:
 106:stm32f4xx-hal-driver/Src/stm32f4xx_hal_timebase_tim_template.c **** 
 174              		.loc 1 106 7 is_stmt 0 view .LVU55
 175 0074 FFF7FEFF 		bl	HAL_NVIC_EnableIRQ
 176              	.LVL19:
 108:stm32f4xx-hal-driver/Src/stm32f4xx_hal_timebase_tim_template.c ****       {
 177              		.loc 1 108 7 is_stmt 1 view .LVU56
 108:stm32f4xx-hal-driver/Src/stm32f4xx_hal_timebase_tim_template.c ****       {
 178              		.loc 1 108 10 is_stmt 0 view .LVU57
 179 0078 0F2C     		cmp	r4, #15
 180 007a 01D9     		bls	.L8
 116:stm32f4xx-hal-driver/Src/stm32f4xx_hal_timebase_tim_template.c ****       }
 181              		.loc 1 116 16 view .LVU58
 182 007c 0125     		movs	r5, #1
 183 007e EBE7     		b	.L4
 184              	.L8:
 111:stm32f4xx-hal-driver/Src/stm32f4xx_hal_timebase_tim_template.c ****         uwTickPrio = TickPriority;
 185              		.loc 1 111 9 is_stmt 1 view .LVU59
 186 0080 0022     		movs	r2, #0
 187 0082 2146     		mov	r1, r4
 188 0084 3620     		movs	r0, #54
 189 0086 FFF7FEFF 		bl	HAL_NVIC_SetPriority
 190              	.LVL20:
 112:stm32f4xx-hal-driver/Src/stm32f4xx_hal_timebase_tim_template.c ****       }
 191              		.loc 1 112 9 view .LVU60
 112:stm32f4xx-hal-driver/Src/stm32f4xx_hal_timebase_tim_template.c ****       }
 192              		.loc 1 112 20 is_stmt 0 view .LVU61
 193 008a 054B     		ldr	r3, .L9+16
 194 008c 1C60     		str	r4, [r3]
 195 008e E3E7     		b	.L4
 196              	.L10:
 197              		.align	2
 198              	.L9:
 199 0090 00380240 		.word	1073887232
 200 0094 83DE1B43 		.word	1125899907
 201 0098 00000000 		.word	TimHandle
 202 009c 00100040 		.word	1073745920
 203 00a0 00000000 		.word	uwTickPrio
ARM GAS  /tmp/ccedJClj.s 			page 7


 204              		.cfi_endproc
 205              	.LFE239:
 207              		.section	.text.HAL_SuspendTick,"ax",%progbits
 208              		.align	1
 209              		.global	HAL_SuspendTick
 210              		.syntax unified
 211              		.thumb
 212              		.thumb_func
 213              		.fpu fpv4-sp-d16
 215              	HAL_SuspendTick:
 216              	.LFB240:
 124:stm32f4xx-hal-driver/Src/stm32f4xx_hal_timebase_tim_template.c **** 
 125:stm32f4xx-hal-driver/Src/stm32f4xx_hal_timebase_tim_template.c **** /**
 126:stm32f4xx-hal-driver/Src/stm32f4xx_hal_timebase_tim_template.c ****   * @brief  Suspend Tick increment.
 127:stm32f4xx-hal-driver/Src/stm32f4xx_hal_timebase_tim_template.c ****   * @note   Disable the tick increment by disabling TIM6 update interrupt.
 128:stm32f4xx-hal-driver/Src/stm32f4xx_hal_timebase_tim_template.c ****   * @retval None
 129:stm32f4xx-hal-driver/Src/stm32f4xx_hal_timebase_tim_template.c ****   */
 130:stm32f4xx-hal-driver/Src/stm32f4xx_hal_timebase_tim_template.c **** void HAL_SuspendTick(void)
 131:stm32f4xx-hal-driver/Src/stm32f4xx_hal_timebase_tim_template.c **** {
 217              		.loc 1 131 1 is_stmt 1 view -0
 218              		.cfi_startproc
 219              		@ args = 0, pretend = 0, frame = 0
 220              		@ frame_needed = 0, uses_anonymous_args = 0
 221              		@ link register save eliminated.
 132:stm32f4xx-hal-driver/Src/stm32f4xx_hal_timebase_tim_template.c ****   /* Disable TIM6 update Interrupt */
 133:stm32f4xx-hal-driver/Src/stm32f4xx_hal_timebase_tim_template.c ****   __HAL_TIM_DISABLE_IT(&TimHandle, TIM_IT_UPDATE);
 222              		.loc 1 133 3 view .LVU63
 223 0000 034B     		ldr	r3, .L12
 224 0002 1A68     		ldr	r2, [r3]
 225 0004 D368     		ldr	r3, [r2, #12]
 226 0006 23F00103 		bic	r3, r3, #1
 227 000a D360     		str	r3, [r2, #12]
 134:stm32f4xx-hal-driver/Src/stm32f4xx_hal_timebase_tim_template.c **** }
 228              		.loc 1 134 1 is_stmt 0 view .LVU64
 229 000c 7047     		bx	lr
 230              	.L13:
 231 000e 00BF     		.align	2
 232              	.L12:
 233 0010 00000000 		.word	TimHandle
 234              		.cfi_endproc
 235              	.LFE240:
 237              		.section	.text.HAL_ResumeTick,"ax",%progbits
 238              		.align	1
 239              		.global	HAL_ResumeTick
 240              		.syntax unified
 241              		.thumb
 242              		.thumb_func
 243              		.fpu fpv4-sp-d16
 245              	HAL_ResumeTick:
 246              	.LFB241:
 135:stm32f4xx-hal-driver/Src/stm32f4xx_hal_timebase_tim_template.c **** 
 136:stm32f4xx-hal-driver/Src/stm32f4xx_hal_timebase_tim_template.c **** /**
 137:stm32f4xx-hal-driver/Src/stm32f4xx_hal_timebase_tim_template.c ****   * @brief  Resume Tick increment.
 138:stm32f4xx-hal-driver/Src/stm32f4xx_hal_timebase_tim_template.c ****   * @note   Enable the tick increment by Enabling TIM6 update interrupt.
 139:stm32f4xx-hal-driver/Src/stm32f4xx_hal_timebase_tim_template.c ****   * @retval None
 140:stm32f4xx-hal-driver/Src/stm32f4xx_hal_timebase_tim_template.c ****   */
 141:stm32f4xx-hal-driver/Src/stm32f4xx_hal_timebase_tim_template.c **** void HAL_ResumeTick(void)
ARM GAS  /tmp/ccedJClj.s 			page 8


 142:stm32f4xx-hal-driver/Src/stm32f4xx_hal_timebase_tim_template.c **** {
 247              		.loc 1 142 1 is_stmt 1 view -0
 248              		.cfi_startproc
 249              		@ args = 0, pretend = 0, frame = 0
 250              		@ frame_needed = 0, uses_anonymous_args = 0
 251              		@ link register save eliminated.
 143:stm32f4xx-hal-driver/Src/stm32f4xx_hal_timebase_tim_template.c ****   /* Enable TIM6 Update interrupt */
 144:stm32f4xx-hal-driver/Src/stm32f4xx_hal_timebase_tim_template.c ****   __HAL_TIM_ENABLE_IT(&TimHandle, TIM_IT_UPDATE);
 252              		.loc 1 144 3 view .LVU66
 253 0000 034B     		ldr	r3, .L15
 254 0002 1A68     		ldr	r2, [r3]
 255 0004 D368     		ldr	r3, [r2, #12]
 256 0006 43F00103 		orr	r3, r3, #1
 257 000a D360     		str	r3, [r2, #12]
 145:stm32f4xx-hal-driver/Src/stm32f4xx_hal_timebase_tim_template.c **** }
 258              		.loc 1 145 1 is_stmt 0 view .LVU67
 259 000c 7047     		bx	lr
 260              	.L16:
 261 000e 00BF     		.align	2
 262              	.L15:
 263 0010 00000000 		.word	TimHandle
 264              		.cfi_endproc
 265              	.LFE241:
 267              		.section	.text.HAL_TIM_PeriodElapsedCallback,"ax",%progbits
 268              		.align	1
 269              		.global	HAL_TIM_PeriodElapsedCallback
 270              		.syntax unified
 271              		.thumb
 272              		.thumb_func
 273              		.fpu fpv4-sp-d16
 275              	HAL_TIM_PeriodElapsedCallback:
 276              	.LVL21:
 277              	.LFB242:
 146:stm32f4xx-hal-driver/Src/stm32f4xx_hal_timebase_tim_template.c **** 
 147:stm32f4xx-hal-driver/Src/stm32f4xx_hal_timebase_tim_template.c **** /**
 148:stm32f4xx-hal-driver/Src/stm32f4xx_hal_timebase_tim_template.c ****   * @brief  Period elapsed callback in non blocking mode
 149:stm32f4xx-hal-driver/Src/stm32f4xx_hal_timebase_tim_template.c ****   * @note   This function is called  when TIM6 interrupt took place, inside
 150:stm32f4xx-hal-driver/Src/stm32f4xx_hal_timebase_tim_template.c ****   * HAL_TIM_IRQHandler(). It makes a direct call to HAL_IncTick() to increment
 151:stm32f4xx-hal-driver/Src/stm32f4xx_hal_timebase_tim_template.c ****   * a global variable "uwTick" used as application time base.
 152:stm32f4xx-hal-driver/Src/stm32f4xx_hal_timebase_tim_template.c ****   * @param  htim  TIM handle
 153:stm32f4xx-hal-driver/Src/stm32f4xx_hal_timebase_tim_template.c ****   * @retval None
 154:stm32f4xx-hal-driver/Src/stm32f4xx_hal_timebase_tim_template.c ****   */
 155:stm32f4xx-hal-driver/Src/stm32f4xx_hal_timebase_tim_template.c **** void HAL_TIM_PeriodElapsedCallback(TIM_HandleTypeDef *htim)
 156:stm32f4xx-hal-driver/Src/stm32f4xx_hal_timebase_tim_template.c **** {
 278              		.loc 1 156 1 is_stmt 1 view -0
 279              		.cfi_startproc
 280              		@ args = 0, pretend = 0, frame = 0
 281              		@ frame_needed = 0, uses_anonymous_args = 0
 282              		.loc 1 156 1 is_stmt 0 view .LVU69
 283 0000 08B5     		push	{r3, lr}
 284              	.LCFI4:
 285              		.cfi_def_cfa_offset 8
 286              		.cfi_offset 3, -8
 287              		.cfi_offset 14, -4
 157:stm32f4xx-hal-driver/Src/stm32f4xx_hal_timebase_tim_template.c ****   HAL_IncTick();
 288              		.loc 1 157 3 is_stmt 1 view .LVU70
 289 0002 FFF7FEFF 		bl	HAL_IncTick
ARM GAS  /tmp/ccedJClj.s 			page 9


 290              	.LVL22:
 158:stm32f4xx-hal-driver/Src/stm32f4xx_hal_timebase_tim_template.c **** }
 291              		.loc 1 158 1 is_stmt 0 view .LVU71
 292 0006 08BD     		pop	{r3, pc}
 293              		.cfi_endproc
 294              	.LFE242:
 296              		.section	.text.TIM6_DAC_IRQHandler,"ax",%progbits
 297              		.align	1
 298              		.global	TIM6_DAC_IRQHandler
 299              		.syntax unified
 300              		.thumb
 301              		.thumb_func
 302              		.fpu fpv4-sp-d16
 304              	TIM6_DAC_IRQHandler:
 305              	.LFB243:
 159:stm32f4xx-hal-driver/Src/stm32f4xx_hal_timebase_tim_template.c **** 
 160:stm32f4xx-hal-driver/Src/stm32f4xx_hal_timebase_tim_template.c **** /**
 161:stm32f4xx-hal-driver/Src/stm32f4xx_hal_timebase_tim_template.c ****   * @brief  This function handles TIM interrupt request.
 162:stm32f4xx-hal-driver/Src/stm32f4xx_hal_timebase_tim_template.c ****   * @retval None
 163:stm32f4xx-hal-driver/Src/stm32f4xx_hal_timebase_tim_template.c ****   */
 164:stm32f4xx-hal-driver/Src/stm32f4xx_hal_timebase_tim_template.c **** void TIM6_DAC_IRQHandler(void)
 165:stm32f4xx-hal-driver/Src/stm32f4xx_hal_timebase_tim_template.c **** {
 306              		.loc 1 165 1 is_stmt 1 view -0
 307              		.cfi_startproc
 308              		@ args = 0, pretend = 0, frame = 0
 309              		@ frame_needed = 0, uses_anonymous_args = 0
 310 0000 08B5     		push	{r3, lr}
 311              	.LCFI5:
 312              		.cfi_def_cfa_offset 8
 313              		.cfi_offset 3, -8
 314              		.cfi_offset 14, -4
 166:stm32f4xx-hal-driver/Src/stm32f4xx_hal_timebase_tim_template.c ****   HAL_TIM_IRQHandler(&TimHandle);
 315              		.loc 1 166 3 view .LVU73
 316 0002 0248     		ldr	r0, .L21
 317 0004 FFF7FEFF 		bl	HAL_TIM_IRQHandler
 318              	.LVL23:
 167:stm32f4xx-hal-driver/Src/stm32f4xx_hal_timebase_tim_template.c **** }
 319              		.loc 1 167 1 is_stmt 0 view .LVU74
 320 0008 08BD     		pop	{r3, pc}
 321              	.L22:
 322 000a 00BF     		.align	2
 323              	.L21:
 324 000c 00000000 		.word	TimHandle
 325              		.cfi_endproc
 326              	.LFE243:
 328              		.comm	TimHandle,72,4
 329              		.text
 330              	.Letext0:
 331              		.file 2 "/opt/gcc_arm/gcc-arm-none-eabi-9-2019-q4-major/arm-none-eabi/include/machine/_default_typ
 332              		.file 3 "/opt/gcc_arm/gcc-arm-none-eabi-9-2019-q4-major/arm-none-eabi/include/sys/_stdint.h"
 333              		.file 4 "CMSIS_5/CMSIS/Core/Include/core_cm4.h"
 334              		.file 5 "cmsis-device-f4/Include/system_stm32f4xx.h"
 335              		.file 6 "cmsis-device-f4/Include/stm32f407xx.h"
 336              		.file 7 "stm32f4xx-hal-driver/Inc/stm32f4xx_hal_def.h"
 337              		.file 8 "stm32f4xx-hal-driver/Inc/stm32f4xx_hal_rcc.h"
 338              		.file 9 "stm32f4xx-hal-driver/Inc/stm32f4xx_hal_dma.h"
 339              		.file 10 "stm32f4xx-hal-driver/Inc/stm32f4xx_hal_tim.h"
ARM GAS  /tmp/ccedJClj.s 			page 10


 340              		.file 11 "stm32f4xx-hal-driver/Inc/stm32f4xx_hal.h"
 341              		.file 12 "stm32f4xx-hal-driver/Inc/stm32f4xx_hal_cortex.h"
ARM GAS  /tmp/ccedJClj.s 			page 11


DEFINED SYMBOLS
                            *ABS*:0000000000000000 stm32f4xx_hal_timebase_tim_template.c
     /tmp/ccedJClj.s:18     .text.HAL_InitTick:0000000000000000 $t
     /tmp/ccedJClj.s:26     .text.HAL_InitTick:0000000000000000 HAL_InitTick
     /tmp/ccedJClj.s:199    .text.HAL_InitTick:0000000000000090 $d
                            *COM*:0000000000000048 TimHandle
     /tmp/ccedJClj.s:208    .text.HAL_SuspendTick:0000000000000000 $t
     /tmp/ccedJClj.s:215    .text.HAL_SuspendTick:0000000000000000 HAL_SuspendTick
     /tmp/ccedJClj.s:233    .text.HAL_SuspendTick:0000000000000010 $d
     /tmp/ccedJClj.s:238    .text.HAL_ResumeTick:0000000000000000 $t
     /tmp/ccedJClj.s:245    .text.HAL_ResumeTick:0000000000000000 HAL_ResumeTick
     /tmp/ccedJClj.s:263    .text.HAL_ResumeTick:0000000000000010 $d
     /tmp/ccedJClj.s:268    .text.HAL_TIM_PeriodElapsedCallback:0000000000000000 $t
     /tmp/ccedJClj.s:275    .text.HAL_TIM_PeriodElapsedCallback:0000000000000000 HAL_TIM_PeriodElapsedCallback
     /tmp/ccedJClj.s:297    .text.TIM6_DAC_IRQHandler:0000000000000000 $t
     /tmp/ccedJClj.s:304    .text.TIM6_DAC_IRQHandler:0000000000000000 TIM6_DAC_IRQHandler
     /tmp/ccedJClj.s:324    .text.TIM6_DAC_IRQHandler:000000000000000c $d

UNDEFINED SYMBOLS
HAL_RCC_GetClockConfig
HAL_RCC_GetPCLK1Freq
HAL_TIM_Base_Init
HAL_TIM_Base_Start_IT
HAL_NVIC_EnableIRQ
HAL_NVIC_SetPriority
uwTickPrio
HAL_IncTick
HAL_TIM_IRQHandler
