ARM GAS  /tmp/ccwqyGxl.s 			page 1


   1              		.cpu cortex-m4
   2              		.eabi_attribute 27, 1
   3              		.eabi_attribute 28, 1
   4              		.eabi_attribute 20, 1
   5              		.eabi_attribute 21, 1
   6              		.eabi_attribute 23, 3
   7              		.eabi_attribute 24, 1
   8              		.eabi_attribute 25, 1
   9              		.eabi_attribute 26, 1
  10              		.eabi_attribute 30, 1
  11              		.eabi_attribute 34, 1
  12              		.eabi_attribute 18, 4
  13              		.file	"system_stm32f4xx.c"
  14              		.text
  15              	.Ltext0:
  16              		.cfi_sections	.debug_frame
  17              		.section	.text.SystemInit,"ax",%progbits
  18              		.align	1
  19              		.global	SystemInit
  20              		.arch armv7e-m
  21              		.syntax unified
  22              		.thumb
  23              		.thumb_func
  24              		.fpu fpv4-sp-d16
  26              	SystemInit:
  27              	.LFB239:
  28              		.file 1 "cmsis-device-f4/Source/Templates/system_stm32f4xx.c"
   1:cmsis-device-f4/Source/Templates/system_stm32f4xx.c **** /**
   2:cmsis-device-f4/Source/Templates/system_stm32f4xx.c ****   ******************************************************************************
   3:cmsis-device-f4/Source/Templates/system_stm32f4xx.c ****   * @file    system_stm32f4xx.c
   4:cmsis-device-f4/Source/Templates/system_stm32f4xx.c ****   * @author  MCD Application Team
   5:cmsis-device-f4/Source/Templates/system_stm32f4xx.c ****   * @brief   CMSIS Cortex-M4 Device Peripheral Access Layer System Source File.
   6:cmsis-device-f4/Source/Templates/system_stm32f4xx.c ****   *
   7:cmsis-device-f4/Source/Templates/system_stm32f4xx.c ****   *   This file provides two functions and one global variable to be called from 
   8:cmsis-device-f4/Source/Templates/system_stm32f4xx.c ****   *   user application:
   9:cmsis-device-f4/Source/Templates/system_stm32f4xx.c ****   *      - SystemInit(): This function is called at startup just after reset and 
  10:cmsis-device-f4/Source/Templates/system_stm32f4xx.c ****   *                      before branch to main program. This call is made inside
  11:cmsis-device-f4/Source/Templates/system_stm32f4xx.c ****   *                      the "startup_stm32f4xx.s" file.
  12:cmsis-device-f4/Source/Templates/system_stm32f4xx.c ****   *
  13:cmsis-device-f4/Source/Templates/system_stm32f4xx.c ****   *      - SystemCoreClock variable: Contains the core clock (HCLK), it can be used
  14:cmsis-device-f4/Source/Templates/system_stm32f4xx.c ****   *                                  by the user application to setup the SysTick 
  15:cmsis-device-f4/Source/Templates/system_stm32f4xx.c ****   *                                  timer or configure other parameters.
  16:cmsis-device-f4/Source/Templates/system_stm32f4xx.c ****   *                                     
  17:cmsis-device-f4/Source/Templates/system_stm32f4xx.c ****   *      - SystemCoreClockUpdate(): Updates the variable SystemCoreClock and must
  18:cmsis-device-f4/Source/Templates/system_stm32f4xx.c ****   *                                 be called whenever the core clock is changed
  19:cmsis-device-f4/Source/Templates/system_stm32f4xx.c ****   *                                 during program execution.
  20:cmsis-device-f4/Source/Templates/system_stm32f4xx.c ****   *
  21:cmsis-device-f4/Source/Templates/system_stm32f4xx.c ****   *
  22:cmsis-device-f4/Source/Templates/system_stm32f4xx.c ****   ******************************************************************************
  23:cmsis-device-f4/Source/Templates/system_stm32f4xx.c ****   * @attention
  24:cmsis-device-f4/Source/Templates/system_stm32f4xx.c ****   *
  25:cmsis-device-f4/Source/Templates/system_stm32f4xx.c ****   * Copyright (c) 2017 STMicroelectronics.
  26:cmsis-device-f4/Source/Templates/system_stm32f4xx.c ****   * All rights reserved.
  27:cmsis-device-f4/Source/Templates/system_stm32f4xx.c ****   *
  28:cmsis-device-f4/Source/Templates/system_stm32f4xx.c ****   * This software is licensed under terms that can be found in the LICENSE file
  29:cmsis-device-f4/Source/Templates/system_stm32f4xx.c ****   * in the root directory of this software component.
  30:cmsis-device-f4/Source/Templates/system_stm32f4xx.c ****   * If no LICENSE file comes with this software, it is provided AS-IS.
ARM GAS  /tmp/ccwqyGxl.s 			page 2


  31:cmsis-device-f4/Source/Templates/system_stm32f4xx.c ****   *
  32:cmsis-device-f4/Source/Templates/system_stm32f4xx.c ****   ******************************************************************************
  33:cmsis-device-f4/Source/Templates/system_stm32f4xx.c ****   */
  34:cmsis-device-f4/Source/Templates/system_stm32f4xx.c **** 
  35:cmsis-device-f4/Source/Templates/system_stm32f4xx.c **** /** @addtogroup CMSIS
  36:cmsis-device-f4/Source/Templates/system_stm32f4xx.c ****   * @{
  37:cmsis-device-f4/Source/Templates/system_stm32f4xx.c ****   */
  38:cmsis-device-f4/Source/Templates/system_stm32f4xx.c **** 
  39:cmsis-device-f4/Source/Templates/system_stm32f4xx.c **** /** @addtogroup stm32f4xx_system
  40:cmsis-device-f4/Source/Templates/system_stm32f4xx.c ****   * @{
  41:cmsis-device-f4/Source/Templates/system_stm32f4xx.c ****   */  
  42:cmsis-device-f4/Source/Templates/system_stm32f4xx.c ****   
  43:cmsis-device-f4/Source/Templates/system_stm32f4xx.c **** /** @addtogroup STM32F4xx_System_Private_Includes
  44:cmsis-device-f4/Source/Templates/system_stm32f4xx.c ****   * @{
  45:cmsis-device-f4/Source/Templates/system_stm32f4xx.c ****   */
  46:cmsis-device-f4/Source/Templates/system_stm32f4xx.c **** 
  47:cmsis-device-f4/Source/Templates/system_stm32f4xx.c **** 
  48:cmsis-device-f4/Source/Templates/system_stm32f4xx.c **** #include "stm32f4xx.h"
  49:cmsis-device-f4/Source/Templates/system_stm32f4xx.c **** 
  50:cmsis-device-f4/Source/Templates/system_stm32f4xx.c **** #if !defined  (HSE_VALUE) 
  51:cmsis-device-f4/Source/Templates/system_stm32f4xx.c ****   #define HSE_VALUE    ((uint32_t)25000000) /*!< Default value of the External oscillator in Hz */
  52:cmsis-device-f4/Source/Templates/system_stm32f4xx.c **** #endif /* HSE_VALUE */
  53:cmsis-device-f4/Source/Templates/system_stm32f4xx.c **** 
  54:cmsis-device-f4/Source/Templates/system_stm32f4xx.c **** #if !defined  (HSI_VALUE)
  55:cmsis-device-f4/Source/Templates/system_stm32f4xx.c ****   #define HSI_VALUE    ((uint32_t)16000000) /*!< Value of the Internal oscillator in Hz*/
  56:cmsis-device-f4/Source/Templates/system_stm32f4xx.c **** #endif /* HSI_VALUE */
  57:cmsis-device-f4/Source/Templates/system_stm32f4xx.c **** 
  58:cmsis-device-f4/Source/Templates/system_stm32f4xx.c **** /**
  59:cmsis-device-f4/Source/Templates/system_stm32f4xx.c ****   * @}
  60:cmsis-device-f4/Source/Templates/system_stm32f4xx.c ****   */
  61:cmsis-device-f4/Source/Templates/system_stm32f4xx.c **** 
  62:cmsis-device-f4/Source/Templates/system_stm32f4xx.c **** /** @addtogroup STM32F4xx_System_Private_TypesDefinitions
  63:cmsis-device-f4/Source/Templates/system_stm32f4xx.c ****   * @{
  64:cmsis-device-f4/Source/Templates/system_stm32f4xx.c ****   */
  65:cmsis-device-f4/Source/Templates/system_stm32f4xx.c **** 
  66:cmsis-device-f4/Source/Templates/system_stm32f4xx.c **** /**
  67:cmsis-device-f4/Source/Templates/system_stm32f4xx.c ****   * @}
  68:cmsis-device-f4/Source/Templates/system_stm32f4xx.c ****   */
  69:cmsis-device-f4/Source/Templates/system_stm32f4xx.c **** 
  70:cmsis-device-f4/Source/Templates/system_stm32f4xx.c **** /** @addtogroup STM32F4xx_System_Private_Defines
  71:cmsis-device-f4/Source/Templates/system_stm32f4xx.c ****   * @{
  72:cmsis-device-f4/Source/Templates/system_stm32f4xx.c ****   */
  73:cmsis-device-f4/Source/Templates/system_stm32f4xx.c **** 
  74:cmsis-device-f4/Source/Templates/system_stm32f4xx.c **** /************************* Miscellaneous Configuration ************************/
  75:cmsis-device-f4/Source/Templates/system_stm32f4xx.c **** /*!< Uncomment the following line if you need to use external SRAM or SDRAM as data memory  */
  76:cmsis-device-f4/Source/Templates/system_stm32f4xx.c **** #if defined(STM32F405xx) || defined(STM32F415xx) || defined(STM32F407xx) || defined(STM32F417xx)\
  77:cmsis-device-f4/Source/Templates/system_stm32f4xx.c ****  || defined(STM32F427xx) || defined(STM32F437xx) || defined(STM32F429xx) || defined(STM32F439xx)\
  78:cmsis-device-f4/Source/Templates/system_stm32f4xx.c ****  || defined(STM32F469xx) || defined(STM32F479xx) || defined(STM32F412Zx) || defined(STM32F412Vx)
  79:cmsis-device-f4/Source/Templates/system_stm32f4xx.c **** /* #define DATA_IN_ExtSRAM */
  80:cmsis-device-f4/Source/Templates/system_stm32f4xx.c **** #endif /* STM32F40xxx || STM32F41xxx || STM32F42xxx || STM32F43xxx || STM32F469xx || STM32F479xx ||
  81:cmsis-device-f4/Source/Templates/system_stm32f4xx.c ****           STM32F412Zx || STM32F412Vx */
  82:cmsis-device-f4/Source/Templates/system_stm32f4xx.c ****  
  83:cmsis-device-f4/Source/Templates/system_stm32f4xx.c **** #if defined(STM32F427xx) || defined(STM32F437xx) || defined(STM32F429xx) || defined(STM32F439xx)\
  84:cmsis-device-f4/Source/Templates/system_stm32f4xx.c ****  || defined(STM32F446xx) || defined(STM32F469xx) || defined(STM32F479xx)
  85:cmsis-device-f4/Source/Templates/system_stm32f4xx.c **** /* #define DATA_IN_ExtSDRAM */
  86:cmsis-device-f4/Source/Templates/system_stm32f4xx.c **** #endif /* STM32F427xx || STM32F437xx || STM32F429xx || STM32F439xx || STM32F446xx || STM32F469xx ||
  87:cmsis-device-f4/Source/Templates/system_stm32f4xx.c ****           STM32F479xx */
ARM GAS  /tmp/ccwqyGxl.s 			page 3


  88:cmsis-device-f4/Source/Templates/system_stm32f4xx.c **** 
  89:cmsis-device-f4/Source/Templates/system_stm32f4xx.c **** /* Note: Following vector table addresses must be defined in line with linker
  90:cmsis-device-f4/Source/Templates/system_stm32f4xx.c ****          configuration. */
  91:cmsis-device-f4/Source/Templates/system_stm32f4xx.c **** /*!< Uncomment the following line if you need to relocate the vector table
  92:cmsis-device-f4/Source/Templates/system_stm32f4xx.c ****      anywhere in Flash or Sram, else the vector table is kept at the automatic
  93:cmsis-device-f4/Source/Templates/system_stm32f4xx.c ****      remap of boot address selected */
  94:cmsis-device-f4/Source/Templates/system_stm32f4xx.c **** /* #define USER_VECT_TAB_ADDRESS */
  95:cmsis-device-f4/Source/Templates/system_stm32f4xx.c **** 
  96:cmsis-device-f4/Source/Templates/system_stm32f4xx.c **** #if defined(USER_VECT_TAB_ADDRESS)
  97:cmsis-device-f4/Source/Templates/system_stm32f4xx.c **** /*!< Uncomment the following line if you need to relocate your vector Table
  98:cmsis-device-f4/Source/Templates/system_stm32f4xx.c ****      in Sram else user remap will be done in Flash. */
  99:cmsis-device-f4/Source/Templates/system_stm32f4xx.c **** /* #define VECT_TAB_SRAM */
 100:cmsis-device-f4/Source/Templates/system_stm32f4xx.c **** #if defined(VECT_TAB_SRAM)
 101:cmsis-device-f4/Source/Templates/system_stm32f4xx.c **** #define VECT_TAB_BASE_ADDRESS   SRAM_BASE       /*!< Vector Table base address field.
 102:cmsis-device-f4/Source/Templates/system_stm32f4xx.c ****                                                      This value must be a multiple of 0x200. */
 103:cmsis-device-f4/Source/Templates/system_stm32f4xx.c **** #else
 104:cmsis-device-f4/Source/Templates/system_stm32f4xx.c **** #define VECT_TAB_BASE_ADDRESS   FLASH_BASE      /*!< Vector Table base address field.
 105:cmsis-device-f4/Source/Templates/system_stm32f4xx.c ****                                                      This value must be a multiple of 0x200. */
 106:cmsis-device-f4/Source/Templates/system_stm32f4xx.c **** #endif /* VECT_TAB_SRAM */
 107:cmsis-device-f4/Source/Templates/system_stm32f4xx.c **** #if !defined(VECT_TAB_OFFSET)
 108:cmsis-device-f4/Source/Templates/system_stm32f4xx.c **** #define VECT_TAB_OFFSET         0x00000000U     /*!< Vector Table offset field.
 109:cmsis-device-f4/Source/Templates/system_stm32f4xx.c ****                                                      This value must be a multiple of 0x200. */
 110:cmsis-device-f4/Source/Templates/system_stm32f4xx.c **** #endif /* VECT_TAB_OFFSET */
 111:cmsis-device-f4/Source/Templates/system_stm32f4xx.c **** #endif /* USER_VECT_TAB_ADDRESS */
 112:cmsis-device-f4/Source/Templates/system_stm32f4xx.c **** /******************************************************************************/
 113:cmsis-device-f4/Source/Templates/system_stm32f4xx.c **** 
 114:cmsis-device-f4/Source/Templates/system_stm32f4xx.c **** /**
 115:cmsis-device-f4/Source/Templates/system_stm32f4xx.c ****   * @}
 116:cmsis-device-f4/Source/Templates/system_stm32f4xx.c ****   */
 117:cmsis-device-f4/Source/Templates/system_stm32f4xx.c **** 
 118:cmsis-device-f4/Source/Templates/system_stm32f4xx.c **** /** @addtogroup STM32F4xx_System_Private_Macros
 119:cmsis-device-f4/Source/Templates/system_stm32f4xx.c ****   * @{
 120:cmsis-device-f4/Source/Templates/system_stm32f4xx.c ****   */
 121:cmsis-device-f4/Source/Templates/system_stm32f4xx.c **** 
 122:cmsis-device-f4/Source/Templates/system_stm32f4xx.c **** /**
 123:cmsis-device-f4/Source/Templates/system_stm32f4xx.c ****   * @}
 124:cmsis-device-f4/Source/Templates/system_stm32f4xx.c ****   */
 125:cmsis-device-f4/Source/Templates/system_stm32f4xx.c **** 
 126:cmsis-device-f4/Source/Templates/system_stm32f4xx.c **** /** @addtogroup STM32F4xx_System_Private_Variables
 127:cmsis-device-f4/Source/Templates/system_stm32f4xx.c ****   * @{
 128:cmsis-device-f4/Source/Templates/system_stm32f4xx.c ****   */
 129:cmsis-device-f4/Source/Templates/system_stm32f4xx.c ****   /* This variable is updated in three ways:
 130:cmsis-device-f4/Source/Templates/system_stm32f4xx.c ****       1) by calling CMSIS function SystemCoreClockUpdate()
 131:cmsis-device-f4/Source/Templates/system_stm32f4xx.c ****       2) by calling HAL API function HAL_RCC_GetHCLKFreq()
 132:cmsis-device-f4/Source/Templates/system_stm32f4xx.c ****       3) each time HAL_RCC_ClockConfig() is called to configure the system clock frequency 
 133:cmsis-device-f4/Source/Templates/system_stm32f4xx.c ****          Note: If you use this function to configure the system clock; then there
 134:cmsis-device-f4/Source/Templates/system_stm32f4xx.c ****                is no need to call the 2 first functions listed above, since SystemCoreClock
 135:cmsis-device-f4/Source/Templates/system_stm32f4xx.c ****                variable is updated automatically.
 136:cmsis-device-f4/Source/Templates/system_stm32f4xx.c ****   */
 137:cmsis-device-f4/Source/Templates/system_stm32f4xx.c **** uint32_t SystemCoreClock = 16000000;
 138:cmsis-device-f4/Source/Templates/system_stm32f4xx.c **** const uint8_t AHBPrescTable[16] = {0, 0, 0, 0, 0, 0, 0, 0, 1, 2, 3, 4, 6, 7, 8, 9};
 139:cmsis-device-f4/Source/Templates/system_stm32f4xx.c **** const uint8_t APBPrescTable[8]  = {0, 0, 0, 0, 1, 2, 3, 4};
 140:cmsis-device-f4/Source/Templates/system_stm32f4xx.c **** /**
 141:cmsis-device-f4/Source/Templates/system_stm32f4xx.c ****   * @}
 142:cmsis-device-f4/Source/Templates/system_stm32f4xx.c ****   */
 143:cmsis-device-f4/Source/Templates/system_stm32f4xx.c **** 
 144:cmsis-device-f4/Source/Templates/system_stm32f4xx.c **** /** @addtogroup STM32F4xx_System_Private_FunctionPrototypes
ARM GAS  /tmp/ccwqyGxl.s 			page 4


 145:cmsis-device-f4/Source/Templates/system_stm32f4xx.c ****   * @{
 146:cmsis-device-f4/Source/Templates/system_stm32f4xx.c ****   */
 147:cmsis-device-f4/Source/Templates/system_stm32f4xx.c **** 
 148:cmsis-device-f4/Source/Templates/system_stm32f4xx.c **** #if defined (DATA_IN_ExtSRAM) || defined (DATA_IN_ExtSDRAM)
 149:cmsis-device-f4/Source/Templates/system_stm32f4xx.c ****   static void SystemInit_ExtMemCtl(void); 
 150:cmsis-device-f4/Source/Templates/system_stm32f4xx.c **** #endif /* DATA_IN_ExtSRAM || DATA_IN_ExtSDRAM */
 151:cmsis-device-f4/Source/Templates/system_stm32f4xx.c **** 
 152:cmsis-device-f4/Source/Templates/system_stm32f4xx.c **** /**
 153:cmsis-device-f4/Source/Templates/system_stm32f4xx.c ****   * @}
 154:cmsis-device-f4/Source/Templates/system_stm32f4xx.c ****   */
 155:cmsis-device-f4/Source/Templates/system_stm32f4xx.c **** 
 156:cmsis-device-f4/Source/Templates/system_stm32f4xx.c **** /** @addtogroup STM32F4xx_System_Private_Functions
 157:cmsis-device-f4/Source/Templates/system_stm32f4xx.c ****   * @{
 158:cmsis-device-f4/Source/Templates/system_stm32f4xx.c ****   */
 159:cmsis-device-f4/Source/Templates/system_stm32f4xx.c **** 
 160:cmsis-device-f4/Source/Templates/system_stm32f4xx.c **** /**
 161:cmsis-device-f4/Source/Templates/system_stm32f4xx.c ****   * @brief  Setup the microcontroller system
 162:cmsis-device-f4/Source/Templates/system_stm32f4xx.c ****   *         Initialize the FPU setting, vector table location and External memory 
 163:cmsis-device-f4/Source/Templates/system_stm32f4xx.c ****   *         configuration.
 164:cmsis-device-f4/Source/Templates/system_stm32f4xx.c ****   * @param  None
 165:cmsis-device-f4/Source/Templates/system_stm32f4xx.c ****   * @retval None
 166:cmsis-device-f4/Source/Templates/system_stm32f4xx.c ****   */
 167:cmsis-device-f4/Source/Templates/system_stm32f4xx.c **** void SystemInit(void)
 168:cmsis-device-f4/Source/Templates/system_stm32f4xx.c **** {
  29              		.loc 1 168 1 view -0
  30              		.cfi_startproc
  31              		@ args = 0, pretend = 0, frame = 0
  32              		@ frame_needed = 0, uses_anonymous_args = 0
  33              		@ link register save eliminated.
 169:cmsis-device-f4/Source/Templates/system_stm32f4xx.c ****   /* FPU settings ------------------------------------------------------------*/
 170:cmsis-device-f4/Source/Templates/system_stm32f4xx.c ****   #if (__FPU_PRESENT == 1) && (__FPU_USED == 1)
 171:cmsis-device-f4/Source/Templates/system_stm32f4xx.c ****     SCB->CPACR |= ((3UL << 10*2)|(3UL << 11*2));  /* set CP10 and CP11 Full Access */
  34              		.loc 1 171 5 view .LVU1
  35              		.loc 1 171 16 is_stmt 0 view .LVU2
  36 0000 034A     		ldr	r2, .L2
  37 0002 D2F88830 		ldr	r3, [r2, #136]
  38 0006 43F47003 		orr	r3, r3, #15728640
  39 000a C2F88830 		str	r3, [r2, #136]
 172:cmsis-device-f4/Source/Templates/system_stm32f4xx.c ****   #endif
 173:cmsis-device-f4/Source/Templates/system_stm32f4xx.c **** 
 174:cmsis-device-f4/Source/Templates/system_stm32f4xx.c **** #if defined (DATA_IN_ExtSRAM) || defined (DATA_IN_ExtSDRAM)
 175:cmsis-device-f4/Source/Templates/system_stm32f4xx.c ****   SystemInit_ExtMemCtl(); 
 176:cmsis-device-f4/Source/Templates/system_stm32f4xx.c **** #endif /* DATA_IN_ExtSRAM || DATA_IN_ExtSDRAM */
 177:cmsis-device-f4/Source/Templates/system_stm32f4xx.c **** 
 178:cmsis-device-f4/Source/Templates/system_stm32f4xx.c ****   /* Configure the Vector Table location -------------------------------------*/
 179:cmsis-device-f4/Source/Templates/system_stm32f4xx.c **** #if defined(USER_VECT_TAB_ADDRESS)
 180:cmsis-device-f4/Source/Templates/system_stm32f4xx.c ****   SCB->VTOR = VECT_TAB_BASE_ADDRESS | VECT_TAB_OFFSET; /* Vector Table Relocation in Internal SRAM 
 181:cmsis-device-f4/Source/Templates/system_stm32f4xx.c **** #endif /* USER_VECT_TAB_ADDRESS */
 182:cmsis-device-f4/Source/Templates/system_stm32f4xx.c **** }
  40              		.loc 1 182 1 view .LVU3
  41 000e 7047     		bx	lr
  42              	.L3:
  43              		.align	2
  44              	.L2:
  45 0010 00ED00E0 		.word	-536810240
  46              		.cfi_endproc
  47              	.LFE239:
ARM GAS  /tmp/ccwqyGxl.s 			page 5


  49              		.section	.text.SystemCoreClockUpdate,"ax",%progbits
  50              		.align	1
  51              		.global	SystemCoreClockUpdate
  52              		.syntax unified
  53              		.thumb
  54              		.thumb_func
  55              		.fpu fpv4-sp-d16
  57              	SystemCoreClockUpdate:
  58              	.LFB240:
 183:cmsis-device-f4/Source/Templates/system_stm32f4xx.c **** 
 184:cmsis-device-f4/Source/Templates/system_stm32f4xx.c **** /**
 185:cmsis-device-f4/Source/Templates/system_stm32f4xx.c ****    * @brief  Update SystemCoreClock variable according to Clock Register Values.
 186:cmsis-device-f4/Source/Templates/system_stm32f4xx.c ****   *         The SystemCoreClock variable contains the core clock (HCLK), it can
 187:cmsis-device-f4/Source/Templates/system_stm32f4xx.c ****   *         be used by the user application to setup the SysTick timer or configure
 188:cmsis-device-f4/Source/Templates/system_stm32f4xx.c ****   *         other parameters.
 189:cmsis-device-f4/Source/Templates/system_stm32f4xx.c ****   *           
 190:cmsis-device-f4/Source/Templates/system_stm32f4xx.c ****   * @note   Each time the core clock (HCLK) changes, this function must be called
 191:cmsis-device-f4/Source/Templates/system_stm32f4xx.c ****   *         to update SystemCoreClock variable value. Otherwise, any configuration
 192:cmsis-device-f4/Source/Templates/system_stm32f4xx.c ****   *         based on this variable will be incorrect.         
 193:cmsis-device-f4/Source/Templates/system_stm32f4xx.c ****   *     
 194:cmsis-device-f4/Source/Templates/system_stm32f4xx.c ****   * @note   - The system frequency computed by this function is not the real 
 195:cmsis-device-f4/Source/Templates/system_stm32f4xx.c ****   *           frequency in the chip. It is calculated based on the predefined 
 196:cmsis-device-f4/Source/Templates/system_stm32f4xx.c ****   *           constant and the selected clock source:
 197:cmsis-device-f4/Source/Templates/system_stm32f4xx.c ****   *             
 198:cmsis-device-f4/Source/Templates/system_stm32f4xx.c ****   *           - If SYSCLK source is HSI, SystemCoreClock will contain the HSI_VALUE(*)
 199:cmsis-device-f4/Source/Templates/system_stm32f4xx.c ****   *                                              
 200:cmsis-device-f4/Source/Templates/system_stm32f4xx.c ****   *           - If SYSCLK source is HSE, SystemCoreClock will contain the HSE_VALUE(**)
 201:cmsis-device-f4/Source/Templates/system_stm32f4xx.c ****   *                          
 202:cmsis-device-f4/Source/Templates/system_stm32f4xx.c ****   *           - If SYSCLK source is PLL, SystemCoreClock will contain the HSE_VALUE(**) 
 203:cmsis-device-f4/Source/Templates/system_stm32f4xx.c ****   *             or HSI_VALUE(*) multiplied/divided by the PLL factors.
 204:cmsis-device-f4/Source/Templates/system_stm32f4xx.c ****   *         
 205:cmsis-device-f4/Source/Templates/system_stm32f4xx.c ****   *         (*) HSI_VALUE is a constant defined in stm32f4xx_hal_conf.h file (default value
 206:cmsis-device-f4/Source/Templates/system_stm32f4xx.c ****   *             16 MHz) but the real value may vary depending on the variations
 207:cmsis-device-f4/Source/Templates/system_stm32f4xx.c ****   *             in voltage and temperature.   
 208:cmsis-device-f4/Source/Templates/system_stm32f4xx.c ****   *    
 209:cmsis-device-f4/Source/Templates/system_stm32f4xx.c ****   *         (**) HSE_VALUE is a constant defined in stm32f4xx_hal_conf.h file (its value
 210:cmsis-device-f4/Source/Templates/system_stm32f4xx.c ****   *              depends on the application requirements), user has to ensure that HSE_VALUE
 211:cmsis-device-f4/Source/Templates/system_stm32f4xx.c ****   *              is same as the real frequency of the crystal used. Otherwise, this function
 212:cmsis-device-f4/Source/Templates/system_stm32f4xx.c ****   *              may have wrong result.
 213:cmsis-device-f4/Source/Templates/system_stm32f4xx.c ****   *                
 214:cmsis-device-f4/Source/Templates/system_stm32f4xx.c ****   *         - The result of this function could be not correct when using fractional
 215:cmsis-device-f4/Source/Templates/system_stm32f4xx.c ****   *           value for HSE crystal.
 216:cmsis-device-f4/Source/Templates/system_stm32f4xx.c ****   *     
 217:cmsis-device-f4/Source/Templates/system_stm32f4xx.c ****   * @param  None
 218:cmsis-device-f4/Source/Templates/system_stm32f4xx.c ****   * @retval None
 219:cmsis-device-f4/Source/Templates/system_stm32f4xx.c ****   */
 220:cmsis-device-f4/Source/Templates/system_stm32f4xx.c **** void SystemCoreClockUpdate(void)
 221:cmsis-device-f4/Source/Templates/system_stm32f4xx.c **** {
  59              		.loc 1 221 1 is_stmt 1 view -0
  60              		.cfi_startproc
  61              		@ args = 0, pretend = 0, frame = 0
  62              		@ frame_needed = 0, uses_anonymous_args = 0
  63              		@ link register save eliminated.
 222:cmsis-device-f4/Source/Templates/system_stm32f4xx.c ****   uint32_t tmp, pllvco, pllp, pllsource, pllm;
  64              		.loc 1 222 3 view .LVU5
 223:cmsis-device-f4/Source/Templates/system_stm32f4xx.c ****   
 224:cmsis-device-f4/Source/Templates/system_stm32f4xx.c ****   /* Get SYSCLK source -------------------------------------------------------*/
ARM GAS  /tmp/ccwqyGxl.s 			page 6


 225:cmsis-device-f4/Source/Templates/system_stm32f4xx.c ****   tmp = RCC->CFGR & RCC_CFGR_SWS;
  65              		.loc 1 225 3 view .LVU6
  66              		.loc 1 225 12 is_stmt 0 view .LVU7
  67 0000 224B     		ldr	r3, .L12
  68 0002 9B68     		ldr	r3, [r3, #8]
  69              		.loc 1 225 7 view .LVU8
  70 0004 03F00C03 		and	r3, r3, #12
  71              	.LVL0:
 226:cmsis-device-f4/Source/Templates/system_stm32f4xx.c **** 
 227:cmsis-device-f4/Source/Templates/system_stm32f4xx.c ****   switch (tmp)
  72              		.loc 1 227 3 is_stmt 1 view .LVU9
  73 0008 042B     		cmp	r3, #4
  74 000a 14D0     		beq	.L5
  75 000c 082B     		cmp	r3, #8
  76 000e 16D0     		beq	.L6
  77 0010 1BB1     		cbz	r3, .L11
 228:cmsis-device-f4/Source/Templates/system_stm32f4xx.c ****   {
 229:cmsis-device-f4/Source/Templates/system_stm32f4xx.c ****     case 0x00:  /* HSI used as system clock source */
 230:cmsis-device-f4/Source/Templates/system_stm32f4xx.c ****       SystemCoreClock = HSI_VALUE;
 231:cmsis-device-f4/Source/Templates/system_stm32f4xx.c ****       break;
 232:cmsis-device-f4/Source/Templates/system_stm32f4xx.c ****     case 0x04:  /* HSE used as system clock source */
 233:cmsis-device-f4/Source/Templates/system_stm32f4xx.c ****       SystemCoreClock = HSE_VALUE;
 234:cmsis-device-f4/Source/Templates/system_stm32f4xx.c ****       break;
 235:cmsis-device-f4/Source/Templates/system_stm32f4xx.c ****     case 0x08:  /* PLL used as system clock source */
 236:cmsis-device-f4/Source/Templates/system_stm32f4xx.c **** 
 237:cmsis-device-f4/Source/Templates/system_stm32f4xx.c ****       /* PLL_VCO = (HSE_VALUE or HSI_VALUE / PLL_M) * PLL_N
 238:cmsis-device-f4/Source/Templates/system_stm32f4xx.c ****          SYSCLK = PLL_VCO / PLL_P
 239:cmsis-device-f4/Source/Templates/system_stm32f4xx.c ****          */    
 240:cmsis-device-f4/Source/Templates/system_stm32f4xx.c ****       pllsource = (RCC->PLLCFGR & RCC_PLLCFGR_PLLSRC) >> 22;
 241:cmsis-device-f4/Source/Templates/system_stm32f4xx.c ****       pllm = RCC->PLLCFGR & RCC_PLLCFGR_PLLM;
 242:cmsis-device-f4/Source/Templates/system_stm32f4xx.c ****       
 243:cmsis-device-f4/Source/Templates/system_stm32f4xx.c ****       if (pllsource != 0)
 244:cmsis-device-f4/Source/Templates/system_stm32f4xx.c ****       {
 245:cmsis-device-f4/Source/Templates/system_stm32f4xx.c ****         /* HSE used as PLL clock source */
 246:cmsis-device-f4/Source/Templates/system_stm32f4xx.c ****         pllvco = (HSE_VALUE / pllm) * ((RCC->PLLCFGR & RCC_PLLCFGR_PLLN) >> 6);
 247:cmsis-device-f4/Source/Templates/system_stm32f4xx.c ****       }
 248:cmsis-device-f4/Source/Templates/system_stm32f4xx.c ****       else
 249:cmsis-device-f4/Source/Templates/system_stm32f4xx.c ****       {
 250:cmsis-device-f4/Source/Templates/system_stm32f4xx.c ****         /* HSI used as PLL clock source */
 251:cmsis-device-f4/Source/Templates/system_stm32f4xx.c ****         pllvco = (HSI_VALUE / pllm) * ((RCC->PLLCFGR & RCC_PLLCFGR_PLLN) >> 6);
 252:cmsis-device-f4/Source/Templates/system_stm32f4xx.c ****       }
 253:cmsis-device-f4/Source/Templates/system_stm32f4xx.c **** 
 254:cmsis-device-f4/Source/Templates/system_stm32f4xx.c ****       pllp = (((RCC->PLLCFGR & RCC_PLLCFGR_PLLP) >>16) + 1 ) *2;
 255:cmsis-device-f4/Source/Templates/system_stm32f4xx.c ****       SystemCoreClock = pllvco/pllp;
 256:cmsis-device-f4/Source/Templates/system_stm32f4xx.c ****       break;
 257:cmsis-device-f4/Source/Templates/system_stm32f4xx.c ****     default:
 258:cmsis-device-f4/Source/Templates/system_stm32f4xx.c ****       SystemCoreClock = HSI_VALUE;
  78              		.loc 1 258 7 view .LVU10
  79              		.loc 1 258 23 is_stmt 0 view .LVU11
  80 0012 1F4B     		ldr	r3, .L12+4
  81              	.LVL1:
  82              		.loc 1 258 23 view .LVU12
  83 0014 1F4A     		ldr	r2, .L12+8
  84 0016 1A60     		str	r2, [r3]
 259:cmsis-device-f4/Source/Templates/system_stm32f4xx.c ****       break;
  85              		.loc 1 259 7 is_stmt 1 view .LVU13
  86 0018 02E0     		b	.L8
ARM GAS  /tmp/ccwqyGxl.s 			page 7


  87              	.LVL2:
  88              	.L11:
 230:cmsis-device-f4/Source/Templates/system_stm32f4xx.c ****       break;
  89              		.loc 1 230 7 view .LVU14
 230:cmsis-device-f4/Source/Templates/system_stm32f4xx.c ****       break;
  90              		.loc 1 230 23 is_stmt 0 view .LVU15
  91 001a 1D4B     		ldr	r3, .L12+4
  92              	.LVL3:
 230:cmsis-device-f4/Source/Templates/system_stm32f4xx.c ****       break;
  93              		.loc 1 230 23 view .LVU16
  94 001c 1D4A     		ldr	r2, .L12+8
  95 001e 1A60     		str	r2, [r3]
 231:cmsis-device-f4/Source/Templates/system_stm32f4xx.c ****     case 0x04:  /* HSE used as system clock source */
  96              		.loc 1 231 7 is_stmt 1 view .LVU17
  97              	.L8:
 260:cmsis-device-f4/Source/Templates/system_stm32f4xx.c ****   }
 261:cmsis-device-f4/Source/Templates/system_stm32f4xx.c ****   /* Compute HCLK frequency --------------------------------------------------*/
 262:cmsis-device-f4/Source/Templates/system_stm32f4xx.c ****   /* Get HCLK prescaler */
 263:cmsis-device-f4/Source/Templates/system_stm32f4xx.c ****   tmp = AHBPrescTable[((RCC->CFGR & RCC_CFGR_HPRE) >> 4)];
  98              		.loc 1 263 3 view .LVU18
  99              		.loc 1 263 28 is_stmt 0 view .LVU19
 100 0020 1A4B     		ldr	r3, .L12
 101 0022 9B68     		ldr	r3, [r3, #8]
 102              		.loc 1 263 52 view .LVU20
 103 0024 C3F30313 		ubfx	r3, r3, #4, #4
 104              		.loc 1 263 22 view .LVU21
 105 0028 1B4A     		ldr	r2, .L12+12
 106 002a D15C     		ldrb	r1, [r2, r3]	@ zero_extendqisi2
 107              	.LVL4:
 264:cmsis-device-f4/Source/Templates/system_stm32f4xx.c ****   /* HCLK frequency */
 265:cmsis-device-f4/Source/Templates/system_stm32f4xx.c ****   SystemCoreClock >>= tmp;
 108              		.loc 1 265 3 is_stmt 1 view .LVU22
 109              		.loc 1 265 19 is_stmt 0 view .LVU23
 110 002c 184A     		ldr	r2, .L12+4
 111 002e 1368     		ldr	r3, [r2]
 112 0030 CB40     		lsrs	r3, r3, r1
 113 0032 1360     		str	r3, [r2]
 266:cmsis-device-f4/Source/Templates/system_stm32f4xx.c **** }
 114              		.loc 1 266 1 view .LVU24
 115 0034 7047     		bx	lr
 116              	.LVL5:
 117              	.L5:
 233:cmsis-device-f4/Source/Templates/system_stm32f4xx.c ****       break;
 118              		.loc 1 233 7 is_stmt 1 view .LVU25
 233:cmsis-device-f4/Source/Templates/system_stm32f4xx.c ****       break;
 119              		.loc 1 233 23 is_stmt 0 view .LVU26
 120 0036 164B     		ldr	r3, .L12+4
 121              	.LVL6:
 233:cmsis-device-f4/Source/Templates/system_stm32f4xx.c ****       break;
 122              		.loc 1 233 23 view .LVU27
 123 0038 184A     		ldr	r2, .L12+16
 124 003a 1A60     		str	r2, [r3]
 234:cmsis-device-f4/Source/Templates/system_stm32f4xx.c ****     case 0x08:  /* PLL used as system clock source */
 125              		.loc 1 234 7 is_stmt 1 view .LVU28
 126 003c F0E7     		b	.L8
 127              	.LVL7:
 128              	.L6:
ARM GAS  /tmp/ccwqyGxl.s 			page 8


 240:cmsis-device-f4/Source/Templates/system_stm32f4xx.c ****       pllm = RCC->PLLCFGR & RCC_PLLCFGR_PLLM;
 129              		.loc 1 240 7 view .LVU29
 240:cmsis-device-f4/Source/Templates/system_stm32f4xx.c ****       pllm = RCC->PLLCFGR & RCC_PLLCFGR_PLLM;
 130              		.loc 1 240 23 is_stmt 0 view .LVU30
 131 003e 134B     		ldr	r3, .L12
 132              	.LVL8:
 240:cmsis-device-f4/Source/Templates/system_stm32f4xx.c ****       pllm = RCC->PLLCFGR & RCC_PLLCFGR_PLLM;
 133              		.loc 1 240 23 view .LVU31
 134 0040 5A68     		ldr	r2, [r3, #4]
 135              	.LVL9:
 241:cmsis-device-f4/Source/Templates/system_stm32f4xx.c ****       
 136              		.loc 1 241 7 is_stmt 1 view .LVU32
 241:cmsis-device-f4/Source/Templates/system_stm32f4xx.c ****       
 137              		.loc 1 241 17 is_stmt 0 view .LVU33
 138 0042 5B68     		ldr	r3, [r3, #4]
 241:cmsis-device-f4/Source/Templates/system_stm32f4xx.c ****       
 139              		.loc 1 241 12 view .LVU34
 140 0044 03F03F03 		and	r3, r3, #63
 141              	.LVL10:
 243:cmsis-device-f4/Source/Templates/system_stm32f4xx.c ****       {
 142              		.loc 1 243 7 is_stmt 1 view .LVU35
 243:cmsis-device-f4/Source/Templates/system_stm32f4xx.c ****       {
 143              		.loc 1 243 10 is_stmt 0 view .LVU36
 144 0048 12F4800F 		tst	r2, #4194304
 145 004c 13D0     		beq	.L9
 246:cmsis-device-f4/Source/Templates/system_stm32f4xx.c ****       }
 146              		.loc 1 246 9 is_stmt 1 view .LVU37
 246:cmsis-device-f4/Source/Templates/system_stm32f4xx.c ****       }
 147              		.loc 1 246 29 is_stmt 0 view .LVU38
 148 004e 134A     		ldr	r2, .L12+16
 149              	.LVL11:
 246:cmsis-device-f4/Source/Templates/system_stm32f4xx.c ****       }
 150              		.loc 1 246 29 view .LVU39
 151 0050 B2FBF3F2 		udiv	r2, r2, r3
 246:cmsis-device-f4/Source/Templates/system_stm32f4xx.c ****       }
 152              		.loc 1 246 44 view .LVU40
 153 0054 0D4B     		ldr	r3, .L12
 154              	.LVL12:
 246:cmsis-device-f4/Source/Templates/system_stm32f4xx.c ****       }
 155              		.loc 1 246 44 view .LVU41
 156 0056 5B68     		ldr	r3, [r3, #4]
 246:cmsis-device-f4/Source/Templates/system_stm32f4xx.c ****       }
 157              		.loc 1 246 74 view .LVU42
 158 0058 C3F38813 		ubfx	r3, r3, #6, #9
 246:cmsis-device-f4/Source/Templates/system_stm32f4xx.c ****       }
 159              		.loc 1 246 16 view .LVU43
 160 005c 03FB02F3 		mul	r3, r3, r2
 161              	.LVL13:
 162              	.L10:
 254:cmsis-device-f4/Source/Templates/system_stm32f4xx.c ****       SystemCoreClock = pllvco/pllp;
 163              		.loc 1 254 7 is_stmt 1 view .LVU44
 254:cmsis-device-f4/Source/Templates/system_stm32f4xx.c ****       SystemCoreClock = pllvco/pllp;
 164              		.loc 1 254 20 is_stmt 0 view .LVU45
 165 0060 0A4A     		ldr	r2, .L12
 166 0062 5268     		ldr	r2, [r2, #4]
 254:cmsis-device-f4/Source/Templates/system_stm32f4xx.c ****       SystemCoreClock = pllvco/pllp;
 167              		.loc 1 254 50 view .LVU46
ARM GAS  /tmp/ccwqyGxl.s 			page 9


 168 0064 C2F30142 		ubfx	r2, r2, #16, #2
 254:cmsis-device-f4/Source/Templates/system_stm32f4xx.c ****       SystemCoreClock = pllvco/pllp;
 169              		.loc 1 254 56 view .LVU47
 170 0068 0132     		adds	r2, r2, #1
 254:cmsis-device-f4/Source/Templates/system_stm32f4xx.c ****       SystemCoreClock = pllvco/pllp;
 171              		.loc 1 254 12 view .LVU48
 172 006a 5200     		lsls	r2, r2, #1
 173              	.LVL14:
 255:cmsis-device-f4/Source/Templates/system_stm32f4xx.c ****       break;
 174              		.loc 1 255 7 is_stmt 1 view .LVU49
 255:cmsis-device-f4/Source/Templates/system_stm32f4xx.c ****       break;
 175              		.loc 1 255 31 is_stmt 0 view .LVU50
 176 006c B3FBF2F3 		udiv	r3, r3, r2
 177              	.LVL15:
 255:cmsis-device-f4/Source/Templates/system_stm32f4xx.c ****       break;
 178              		.loc 1 255 23 view .LVU51
 179 0070 074A     		ldr	r2, .L12+4
 180              	.LVL16:
 255:cmsis-device-f4/Source/Templates/system_stm32f4xx.c ****       break;
 181              		.loc 1 255 23 view .LVU52
 182 0072 1360     		str	r3, [r2]
 256:cmsis-device-f4/Source/Templates/system_stm32f4xx.c ****     default:
 183              		.loc 1 256 7 is_stmt 1 view .LVU53
 184 0074 D4E7     		b	.L8
 185              	.LVL17:
 186              	.L9:
 251:cmsis-device-f4/Source/Templates/system_stm32f4xx.c ****       }
 187              		.loc 1 251 9 view .LVU54
 251:cmsis-device-f4/Source/Templates/system_stm32f4xx.c ****       }
 188              		.loc 1 251 29 is_stmt 0 view .LVU55
 189 0076 074A     		ldr	r2, .L12+8
 190              	.LVL18:
 251:cmsis-device-f4/Source/Templates/system_stm32f4xx.c ****       }
 191              		.loc 1 251 29 view .LVU56
 192 0078 B2FBF3F2 		udiv	r2, r2, r3
 251:cmsis-device-f4/Source/Templates/system_stm32f4xx.c ****       }
 193              		.loc 1 251 44 view .LVU57
 194 007c 034B     		ldr	r3, .L12
 195              	.LVL19:
 251:cmsis-device-f4/Source/Templates/system_stm32f4xx.c ****       }
 196              		.loc 1 251 44 view .LVU58
 197 007e 5B68     		ldr	r3, [r3, #4]
 251:cmsis-device-f4/Source/Templates/system_stm32f4xx.c ****       }
 198              		.loc 1 251 74 view .LVU59
 199 0080 C3F38813 		ubfx	r3, r3, #6, #9
 251:cmsis-device-f4/Source/Templates/system_stm32f4xx.c ****       }
 200              		.loc 1 251 16 view .LVU60
 201 0084 03FB02F3 		mul	r3, r3, r2
 202              	.LVL20:
 251:cmsis-device-f4/Source/Templates/system_stm32f4xx.c ****       }
 203              		.loc 1 251 16 view .LVU61
 204 0088 EAE7     		b	.L10
 205              	.L13:
 206 008a 00BF     		.align	2
 207              	.L12:
 208 008c 00380240 		.word	1073887232
 209 0090 00000000 		.word	.LANCHOR0
ARM GAS  /tmp/ccwqyGxl.s 			page 10


 210 0094 0024F400 		.word	16000000
 211 0098 00000000 		.word	.LANCHOR1
 212 009c 40787D01 		.word	25000000
 213              		.cfi_endproc
 214              	.LFE240:
 216              		.global	APBPrescTable
 217              		.global	AHBPrescTable
 218              		.global	SystemCoreClock
 219              		.section	.data.SystemCoreClock,"aw"
 220              		.align	2
 221              		.set	.LANCHOR0,. + 0
 224              	SystemCoreClock:
 225 0000 0024F400 		.word	16000000
 226              		.section	.rodata.AHBPrescTable,"a"
 227              		.align	2
 228              		.set	.LANCHOR1,. + 0
 231              	AHBPrescTable:
 232 0000 00000000 		.ascii	"\000\000\000\000\000\000\000\000\001\002\003\004\006"
 232      00000000 
 232      01020304 
 232      06
 233 000d 070809   		.ascii	"\007\010\011"
 234              		.section	.rodata.APBPrescTable,"a"
 235              		.align	2
 238              	APBPrescTable:
 239 0000 00000000 		.ascii	"\000\000\000\000\001\002\003\004"
 239      01020304 
 240              		.text
 241              	.Letext0:
 242              		.file 2 "/opt/gcc_arm/gcc-arm-none-eabi-9-2019-q4-major/arm-none-eabi/include/machine/_default_typ
 243              		.file 3 "/opt/gcc_arm/gcc-arm-none-eabi-9-2019-q4-major/arm-none-eabi/include/sys/_stdint.h"
 244              		.file 4 "CMSIS_5/CMSIS/Core/Include/core_cm4.h"
 245              		.file 5 "cmsis-device-f4/Include/system_stm32f4xx.h"
 246              		.file 6 "cmsis-device-f4/Include/stm32f407xx.h"
 247              		.file 7 "stm32f4xx-hal-driver/Inc/stm32f4xx_hal.h"
ARM GAS  /tmp/ccwqyGxl.s 			page 11


DEFINED SYMBOLS
                            *ABS*:0000000000000000 system_stm32f4xx.c
     /tmp/ccwqyGxl.s:18     .text.SystemInit:0000000000000000 $t
     /tmp/ccwqyGxl.s:26     .text.SystemInit:0000000000000000 SystemInit
     /tmp/ccwqyGxl.s:45     .text.SystemInit:0000000000000010 $d
     /tmp/ccwqyGxl.s:50     .text.SystemCoreClockUpdate:0000000000000000 $t
     /tmp/ccwqyGxl.s:57     .text.SystemCoreClockUpdate:0000000000000000 SystemCoreClockUpdate
     /tmp/ccwqyGxl.s:208    .text.SystemCoreClockUpdate:000000000000008c $d
     /tmp/ccwqyGxl.s:238    .rodata.APBPrescTable:0000000000000000 APBPrescTable
     /tmp/ccwqyGxl.s:231    .rodata.AHBPrescTable:0000000000000000 AHBPrescTable
     /tmp/ccwqyGxl.s:224    .data.SystemCoreClock:0000000000000000 SystemCoreClock
     /tmp/ccwqyGxl.s:220    .data.SystemCoreClock:0000000000000000 $d
     /tmp/ccwqyGxl.s:227    .rodata.AHBPrescTable:0000000000000000 $d
     /tmp/ccwqyGxl.s:235    .rodata.APBPrescTable:0000000000000000 $d

NO UNDEFINED SYMBOLS
